--------------- Build Started: 11/01/2021 18:04:54 Project: Trans_Impedance_Amplifier, Configuration: ARM GCC 5.4-2016-q2-update Debug ---------------
cydsfit.exe -.appdatapath "C:\Users\user\AppData\Local\Cypress Semiconductor\PSoC Creator\4.4" -.fdsnotice -.fdswarpdepfile=warp_dependencies.txt -.fdselabdepfile=elab_dependencies.txt -.fdsbldfile=generated_files.txt -.fdsreffile=referenced_files.txt -p E:\zephyr_workspace\Genotyper-Firmware\PSOC\OM_Cypress_Workspace\samples\Trans_Impedance_Amplifier.cydsn\Trans_Impedance_Amplifier.cyprj -d CY8C5888LTI-LP097 -s E:\zephyr_workspace\Genotyper-Firmware\PSOC\OM_Cypress_Workspace\samples\Trans_Impedance_Amplifier.cydsn\Generated_Source\PSoC5 -- -yv2 -q10 -ygs -o2 -v3 -.fftcfgtype=LE
Elaborating Design...
HDL Generation...
Synthesis...
Tech Mapping...
Analog Placement...
Log: apr.M0058: The analog placement iterative improvement is 33% done. (App=cydsfit)
Log: apr.M0058: The analog placement iterative improvement is 74% done. (App=cydsfit)
Analog Routing...
Analog Code Generation...
Digital Placement...
Digital Routing...
Bitstream Generation...
Bitstream Verification...
Static timing analysis...
API Generation...
Dependency Generation...
Cleanup...
arm-none-eabi-gcc.exe -mcpu=cortex-m3 -mthumb -I. -IGenerated_Source\PSoC5 -Wa,-alh=.\CortexM3\ARM_GCC_541\Debug/main.lst -g -D DEBUG -D CY_CORE_ID=0 -Wall -ffunction-sections -ffat-lto-objects -Og -c main.c -o .\CortexM3\ARM_GCC_541\Debug\main.o
arm-none-eabi-ar.exe -rs .\CortexM3\ARM_GCC_541\Debug\Trans_Impedance_Amplifier.a .\CortexM3\ARM_GCC_541\Debug\TIA_1.o .\CortexM3\ARM_GCC_541\Debug\TIA_1_PM.o .\CortexM3\ARM_GCC_541\Debug\IDAC8_1.o .\CortexM3\ARM_GCC_541\Debug\IDAC8_1_PM.o .\CortexM3\ARM_GCC_541\Debug\VDAC8_1.o .\CortexM3\ARM_GCC_541\Debug\VDAC8_1_PM.o .\CortexM3\ARM_GCC_541\Debug\Pin_1.o .\CortexM3\ARM_GCC_541\Debug\CyDmac.o .\CortexM3\ARM_GCC_541\Debug\CyFlash.o .\CortexM3\ARM_GCC_541\Debug\CyLib.o .\CortexM3\ARM_GCC_541\Debug\cyPm.o .\CortexM3\ARM_GCC_541\Debug\CySpc.o .\CortexM3\ARM_GCC_541\Debug\cyutils.o .\CortexM3\ARM_GCC_541\Debug\cy_em_eeprom.o .\CortexM3\ARM_GCC_541\Debug\CyBootAsmGnu.o
arm-none-eabi-ar.exe: creating .\CortexM3\ARM_GCC_541\Debug\Trans_Impedance_Amplifier.a
arm-none-eabi-gcc.exe -Wl,--start-group -o E:\zephyr_workspace\Genotyper-Firmware\PSOC\OM_Cypress_Workspace\samples\Trans_Impedance_Amplifier.cydsn\CortexM3\ARM_GCC_541\Debug\Trans_Impedance_Amplifier.elf .\CortexM3\ARM_GCC_541\Debug\main.o .\CortexM3\ARM_GCC_541\Debug\cyfitter_cfg.o .\CortexM3\ARM_GCC_541\Debug\cymetadata.o .\CortexM3\ARM_GCC_541\Debug\Cm3Start.o .\CortexM3\ARM_GCC_541\Debug\Trans_Impedance_Amplifier.a "C:\Program Files (x86)\Cypress\PSoC Creator\4.4\PSoC Creator\psoc\content\cycomponentlibrary\CyComponentLibrary.cylib\CortexM3\ARM_GCC_541\Debug\CyComponentLibrary.a" -mcpu=cortex-m3 -mthumb -L Generated_Source\PSoC5 -Wl,-Map,.\CortexM3\ARM_GCC_541\Debug/Trans_Impedance_Amplifier.map -T Generated_Source\PSoC5\cm3gcc.ld -specs=nano.specs -Wl,--gc-sections -g -ffunction-sections -Og -ffat-lto-objects -Wl,--end-group
cyelftool.exe -C E:\zephyr_workspace\Genotyper-Firmware\PSOC\OM_Cypress_Workspace\samples\Trans_Impedance_Amplifier.cydsn\CortexM3\ARM_GCC_541\Debug\Trans_Impedance_Amplifier.elf --flash_row_size 256 --flash_size 262144 --flash_offset 0x00000000
No ELF section .cychecksum found, creating one
Application checksum calculated and stored in ELF section .cychecksum
Checksum calculated and stored in ELF section .cymeta
cyelftool.exe -S E:\zephyr_workspace\Genotyper-Firmware\PSOC\OM_Cypress_Workspace\samples\Trans_Impedance_Amplifier.cydsn\CortexM3\ARM_GCC_541\Debug\Trans_Impedance_Amplifier.elf
Flash used: 1774 of 262144 bytes (0.7%).
SRAM used: 2505 of 65536 bytes (3.8%). Stack: 2048 bytes. Heap: 128 bytes.
--------------- Build Succeeded: 11/01/2021 18:05:03 ---------------
