--------------- Build Started: 11/01/2021 13:19:22 Project: LED_Brightness_ADC_PWM, Configuration: ARM GCC 5.4-2016-q2-update Debug ---------------
cydsfit.exe -.appdatapath "C:\Users\user\AppData\Local\Cypress Semiconductor\PSoC Creator\4.4" -.fdsnotice -.fdswarpdepfile=warp_dependencies.txt -.fdselabdepfile=elab_dependencies.txt -.fdsbldfile=generated_files.txt -.fdsreffile=referenced_files.txt -p E:\Genotyper-Models\GenotyperToolbox\OM_Cypress_Workspace\OM_workspace\LED_Brightness_ADC_PWM.cydsn\LED_Brightness_ADC_PWM.cyprj -d CY8C5888LTI-LP097 -s E:\Genotyper-Models\GenotyperToolbox\OM_Cypress_Workspace\OM_workspace\LED_Brightness_ADC_PWM.cydsn\Generated_Source\PSoC5 -- -yv2 -q10 -ygs -o2 -v3 -.fftcfgtype=LE
Elaborating Design...
HDL Generation...
Synthesis...
Tech Mapping...
ADD: pft.M0040: information: The following 1 pin(s) will be assigned a location by the fitter: \ADC_SAR:Bypass(0)\
Analog Placement...
Analog Routing...
Analog Code Generation...
Digital Placement...
Digital Routing...
Bitstream Generation...
Bitstream Verification...
Static timing analysis...
API Generation...
Dependency Generation...
Cleanup...
arm-none-eabi-gcc.exe -mcpu=cortex-m3 -mthumb -I. -IGenerated_Source\PSoC5 -Wa,-alh=.\CortexM3\ARM_GCC_541\Debug/main.lst -g -D DEBUG -D CY_CORE_ID=0 -Wall -ffunction-sections -ffat-lto-objects -Og -c main.c -o .\CortexM3\ARM_GCC_541\Debug\main.o
arm-none-eabi-ar.exe -rs .\CortexM3\ARM_GCC_541\Debug\LED_Brightness_ADC_PWM.a .\CortexM3\ARM_GCC_541\Debug\LED.o .\CortexM3\ARM_GCC_541\Debug\PWM.o .\CortexM3\ARM_GCC_541\Debug\PWM_PM.o .\CortexM3\ARM_GCC_541\Debug\Clock_1.o .\CortexM3\ARM_GCC_541\Debug\POT.o .\CortexM3\ARM_GCC_541\Debug\ADC_SAR.o .\CortexM3\ARM_GCC_541\Debug\ADC_SAR_INT.o .\CortexM3\ARM_GCC_541\Debug\ADC_SAR_PM.o .\CortexM3\ARM_GCC_541\Debug\ADC_SAR_IRQ.o .\CortexM3\ARM_GCC_541\Debug\ADC_SAR_theACLK.o .\CortexM3\ARM_GCC_541\Debug\ADC_SAR_Bypass.o .\CortexM3\ARM_GCC_541\Debug\CyDmac.o .\CortexM3\ARM_GCC_541\Debug\CyFlash.o .\CortexM3\ARM_GCC_541\Debug\CyLib.o .\CortexM3\ARM_GCC_541\Debug\cyPm.o .\CortexM3\ARM_GCC_541\Debug\CySpc.o .\CortexM3\ARM_GCC_541\Debug\cyutils.o .\CortexM3\ARM_GCC_541\Debug\cy_em_eeprom.o .\CortexM3\ARM_GCC_541\Debug\CyBootAsmGnu.o
arm-none-eabi-ar.exe: creating .\CortexM3\ARM_GCC_541\Debug\LED_Brightness_ADC_PWM.a
arm-none-eabi-gcc.exe -Wl,--start-group -o E:\Genotyper-Models\GenotyperToolbox\OM_Cypress_Workspace\OM_workspace\LED_Brightness_ADC_PWM.cydsn\CortexM3\ARM_GCC_541\Debug\LED_Brightness_ADC_PWM.elf .\CortexM3\ARM_GCC_541\Debug\main.o .\CortexM3\ARM_GCC_541\Debug\cyfitter_cfg.o .\CortexM3\ARM_GCC_541\Debug\cymetadata.o .\CortexM3\ARM_GCC_541\Debug\Cm3Start.o .\CortexM3\ARM_GCC_541\Debug\LED_Brightness_ADC_PWM.a "C:\Program Files (x86)\Cypress\PSoC Creator\4.4\PSoC Creator\psoc\content\cycomponentlibrary\CyComponentLibrary.cylib\CortexM3\ARM_GCC_541\Debug\CyComponentLibrary.a" -mcpu=cortex-m3 -mthumb -L Generated_Source\PSoC5 -Wl,-Map,.\CortexM3\ARM_GCC_541\Debug/LED_Brightness_ADC_PWM.map -T Generated_Source\PSoC5\cm3gcc.ld -specs=nano.specs -Wl,--gc-sections -g -ffunction-sections -Og -ffat-lto-objects -Wl,--end-group
cyelftool.exe -C E:\Genotyper-Models\GenotyperToolbox\OM_Cypress_Workspace\OM_workspace\LED_Brightness_ADC_PWM.cydsn\CortexM3\ARM_GCC_541\Debug\LED_Brightness_ADC_PWM.elf --flash_row_size 256 --flash_size 262144 --flash_offset 0x00000000
No ELF section .cychecksum found, creating one
Application checksum calculated and stored in ELF section .cychecksum
Checksum calculated and stored in ELF section .cymeta
cyelftool.exe -S E:\Genotyper-Models\GenotyperToolbox\OM_Cypress_Workspace\OM_workspace\LED_Brightness_ADC_PWM.cydsn\CortexM3\ARM_GCC_541\Debug\LED_Brightness_ADC_PWM.elf
Flash used: 2238 of 262144 bytes (0.9%).
SRAM used: 2537 of 65536 bytes (3.9%). Stack: 2048 bytes. Heap: 128 bytes.
--------------- Build Succeeded: 11/01/2021 13:19:32 ---------------
