ARM GAS  C:\Users\user\AppData\Local\Temp\ccXIP8RY.s 			page 1


   1              		.syntax unified
   2              		.cpu cortex-m3
   3              		.fpu softvfp
   4              		.eabi_attribute 20, 1
   5              		.eabi_attribute 21, 1
   6              		.eabi_attribute 23, 3
   7              		.eabi_attribute 24, 1
   8              		.eabi_attribute 25, 1
   9              		.eabi_attribute 26, 1
  10              		.eabi_attribute 30, 1
  11              		.eabi_attribute 34, 1
  12              		.eabi_attribute 18, 4
  13              		.thumb
  14              		.syntax unified
  15              		.file	"cymetadata.c"
  16              		.text
  17              	.Ltext0:
  18              		.cfi_sections	.debug_frame
  19              		.global	cy_metadata
  20              		.global	cy_meta_flashprotect
  21              		.global	cy_meta_wonvl
  22              		.global	cy_meta_custnvl
  23              		.global	cy_meta_configecc
  24              		.section	.cyconfigecc,"a",%progbits
  25              		.align	2
  26              		.type	cy_meta_configecc, %object
  27              		.size	cy_meta_configecc, 272
  28              	cy_meta_configecc:
  29 0000 01       		.byte	1
  30 0001 64       		.byte	100
  31 0002 00       		.byte	0
  32 0003 40       		.byte	64
  33 0004 01       		.byte	1
  34 0005 0B       		.byte	11
  35 0006 01       		.byte	1
  36 0007 40       		.byte	64
  37 0008 27       		.byte	39
  38 0009 0C       		.byte	12
  39 000a 01       		.byte	1
  40 000b 40       		.byte	64
  41 000c 18       		.byte	24
  42 000d 0D       		.byte	13
  43 000e 01       		.byte	1
  44 000f 40       		.byte	64
  45 0010 01       		.byte	1
  46 0011 15       		.byte	21
  47 0012 01       		.byte	1
  48 0013 40       		.byte	64
  49 0014 01       		.byte	1
  50 0015 1B       		.byte	27
  51 0016 01       		.byte	1
  52 0017 40       		.byte	64
  53 0018 02       		.byte	2
  54 0019 40       		.byte	64
  55 001a 01       		.byte	1
  56 001b 40       		.byte	64
  57 001c 01       		.byte	1
ARM GAS  C:\Users\user\AppData\Local\Temp\ccXIP8RY.s 			page 2


  58 001d 41       		.byte	65
  59 001e 01       		.byte	1
  60 001f 40       		.byte	64
  61 0020 01       		.byte	1
  62 0021 42       		.byte	66
  63 0022 01       		.byte	1
  64 0023 40       		.byte	64
  65 0024 01       		.byte	1
  66 0025 43       		.byte	67
  67 0026 01       		.byte	1
  68 0027 40       		.byte	64
  69 0028 02       		.byte	2
  70 0029 45       		.byte	69
  71 002a 01       		.byte	1
  72 002b 40       		.byte	64
  73 002c 02       		.byte	2
  74 002d 46       		.byte	70
  75 002e 01       		.byte	1
  76 002f 40       		.byte	64
  77 0030 01       		.byte	1
  78 0031 48       		.byte	72
  79 0032 01       		.byte	1
  80 0033 40       		.byte	64
  81 0034 02       		.byte	2
  82 0035 49       		.byte	73
  83 0036 01       		.byte	1
  84 0037 40       		.byte	64
  85 0038 02       		.byte	2
  86 0039 4C       		.byte	76
  87 003a 01       		.byte	1
  88 003b 40       		.byte	64
  89 003c 01       		.byte	1
  90 003d 4D       		.byte	77
  91 003e 01       		.byte	1
  92 003f 40       		.byte	64
  93 0040 02       		.byte	2
  94 0041 50       		.byte	80
  95 0042 01       		.byte	1
  96 0043 40       		.byte	64
  97 0044 01       		.byte	1
  98 0045 51       		.byte	81
  99 0046 01       		.byte	1
 100 0047 40       		.byte	64
 101 0048 8D       		.byte	-115
 102 0049 0D       		.byte	13
 103 004a B3       		.byte	-77
 104 004b 08       		.byte	8
 105 004c 83       		.byte	-125
 106 004d 01       		.byte	1
 107 004e 92       		.byte	-110
 108 004f 08       		.byte	8
 109 0050 9A       		.byte	-102
 110 0051 04       		.byte	4
 111 0052 9C       		.byte	-100
 112 0053 01       		.byte	1
 113 0054 A6       		.byte	-90
 114 0055 07       		.byte	7
ARM GAS  C:\Users\user\AppData\Local\Temp\ccXIP8RY.s 			page 3


 115 0056 AB       		.byte	-85
 116 0057 01       		.byte	1
 117 0058 B0       		.byte	-80
 118 0059 01       		.byte	1
 119 005a B2       		.byte	-78
 120 005b 04       		.byte	4
 121 005c B3       		.byte	-77
 122 005d 01       		.byte	1
 123 005e B4       		.byte	-76
 124 005f 08       		.byte	8
 125 0060 B6       		.byte	-74
 126 0061 02       		.byte	2
 127 0062 BF       		.byte	-65
 128 0063 04       		.byte	4
 129 0064 C0       		.byte	-64
 130 0065 60       		.byte	96
 131 0066 C1       		.byte	-63
 132 0067 04       		.byte	4
 133 0068 C5       		.byte	-59
 134 0069 D1       		.byte	-47
 135 006a C7       		.byte	-57
 136 006b 20       		.byte	32
 137 006c C8       		.byte	-56
 138 006d 23       		.byte	35
 139 006e C9       		.byte	-55
 140 006f FF       		.byte	-1
 141 0070 CA       		.byte	-54
 142 0071 FF       		.byte	-1
 143 0072 CB       		.byte	-53
 144 0073 FF       		.byte	-1
 145 0074 CD       		.byte	-51
 146 0075 A0       		.byte	-96
 147 0076 CF       		.byte	-49
 148 0077 04       		.byte	4
 149 0078 D0       		.byte	-48
 150 0079 18       		.byte	24
 151 007a D2       		.byte	-46
 152 007b 80       		.byte	-128
 153 007c D4       		.byte	-44
 154 007d 05       		.byte	5
 155 007e D8       		.byte	-40
 156 007f 04       		.byte	4
 157 0080 D9       		.byte	-39
 158 0081 04       		.byte	4
 159 0082 DA       		.byte	-38
 160 0083 04       		.byte	4
 161 0084 DB       		.byte	-37
 162 0085 04       		.byte	4
 163 0086 DF       		.byte	-33
 164 0087 01       		.byte	1
 165 0088 E0       		.byte	-32
 166 0089 40       		.byte	64
 167 008a E2       		.byte	-30
 168 008b C0       		.byte	-64
 169 008c E4       		.byte	-28
 170 008d 40       		.byte	64
 171 008e E5       		.byte	-27
ARM GAS  C:\Users\user\AppData\Local\Temp\ccXIP8RY.s 			page 4


 172 008f 40       		.byte	64
 173 0090 E6       		.byte	-26
 174 0091 C0       		.byte	-64
 175 0092 E8       		.byte	-24
 176 0093 C0       		.byte	-64
 177 0094 EA       		.byte	-22
 178 0095 C0       		.byte	-64
 179 0096 EC       		.byte	-20
 180 0097 C0       		.byte	-64
 181 0098 EE       		.byte	-18
 182 0099 C0       		.byte	-64
 183 009a 09       		.byte	9
 184 009b 02       		.byte	2
 185 009c 0A       		.byte	10
 186 009d 05       		.byte	5
 187 009e 10       		.byte	16
 188 009f 20       		.byte	32
 189 00a0 19       		.byte	25
 190 00a1 20       		.byte	32
 191 00a2 1A       		.byte	26
 192 00a3 45       		.byte	69
 193 00a4 1B       		.byte	27
 194 00a5 08       		.byte	8
 195 00a6 22       		.byte	34
 196 00a7 04       		.byte	4
 197 00a8 29       		.byte	41
 198 00a9 20       		.byte	32
 199 00aa 38       		.byte	56
 200 00ab 02       		.byte	2
 201 00ac 41       		.byte	65
 202 00ad 01       		.byte	1
 203 00ae 48       		.byte	72
 204 00af 20       		.byte	32
 205 00b0 49       		.byte	73
 206 00b1 21       		.byte	33
 207 00b2 50       		.byte	80
 208 00b3 01       		.byte	1
 209 00b4 51       		.byte	81
 210 00b5 01       		.byte	1
 211 00b6 59       		.byte	89
 212 00b7 01       		.byte	1
 213 00b8 5A       		.byte	90
 214 00b9 48       		.byte	72
 215 00ba 71       		.byte	113
 216 00bb 02       		.byte	2
 217 00bc C2       		.byte	-62
 218 00bd 0B       		.byte	11
 219 00be C4       		.byte	-60
 220 00bf 04       		.byte	4
 221 00c0 CA       		.byte	-54
 222 00c1 04       		.byte	4
 223 00c2 CE       		.byte	-50
 224 00c3 01       		.byte	1
 225 00c4 D0       		.byte	-48
 226 00c5 01       		.byte	1
 227 00c6 D2       		.byte	-46
 228 00c7 04       		.byte	4
ARM GAS  C:\Users\user\AppData\Local\Temp\ccXIP8RY.s 			page 5


 229 00c8 D6       		.byte	-42
 230 00c9 0B       		.byte	11
 231 00ca EE       		.byte	-18
 232 00cb 08       		.byte	8
 233 00cc EE       		.byte	-18
 234 00cd 08       		.byte	8
 235 00ce 33       		.byte	51
 236 00cf 20       		.byte	32
 237 00d0 CC       		.byte	-52
 238 00d1 10       		.byte	16
 239 00d2 A7       		.byte	-89
 240 00d3 20       		.byte	32
 241 00d4 A7       		.byte	-89
 242 00d5 20       		.byte	32
 243 00d6 A7       		.byte	-89
 244 00d7 20       		.byte	32
 245 00d8 53       		.byte	83
 246 00d9 10       		.byte	16
 247 00da D4       		.byte	-44
 248 00db 04       		.byte	4
 249 00dc B3       		.byte	-77
 250 00dd 10       		.byte	16
 251 00de E8       		.byte	-24
 252 00df 04       		.byte	4
 253 00e0 A7       		.byte	-89
 254 00e1 20       		.byte	32
 255 00e2 AF       		.byte	-81
 256 00e3 20       		.byte	32
 257 00e4 EE       		.byte	-18
 258 00e5 10       		.byte	16
 259 00e6 1F       		.byte	31
 260 00e7 80       		.byte	-128
 261 00e8 C6       		.byte	-58
 262 00e9 01       		.byte	1
 263 00ea AF       		.byte	-81
 264 00eb 80       		.byte	-128
 265 00ec 00       		.byte	0
 266 00ed 01       		.byte	1
 267 00ee 0E       		.byte	14
 268 00ef 01       		.byte	1
 269 00f0 00       		.byte	0
 270 00f1 03       		.byte	3
 271 00f2 00       		.byte	0
 272 00f3 00       		.byte	0
 273 00f4 00       		.byte	0
 274 00f5 00       		.byte	0
 275 00f6 00       		.byte	0
 276 00f7 00       		.byte	0
 277 00f8 00       		.byte	0
 278 00f9 00       		.byte	0
 279 00fa 04       		.byte	4
 280 00fb 00       		.byte	0
 281 00fc 00       		.byte	0
 282 00fd 0B       		.byte	11
 283 00fe 0B       		.byte	11
 284 00ff 00       		.byte	0
 285 0100 00       		.byte	0
ARM GAS  C:\Users\user\AppData\Local\Temp\ccXIP8RY.s 			page 6


 286 0101 00       		.byte	0
 287 0102 00       		.byte	0
 288 0103 00       		.byte	0
 289 0104 00       		.byte	0
 290 0105 02       		.byte	2
 291 0106 02       		.byte	2
 292 0107 00       		.byte	0
 293 0108 02       		.byte	2
 294 0109 00       		.byte	0
 295 010a 08       		.byte	8
 296 010b 00       		.byte	0
 297 010c 02       		.byte	2
 298 010d 00       		.byte	0
 299 010e 18       		.byte	24
 300 010f 01       		.byte	1
 301              		.section	.cywolatch,"a",%progbits
 302              		.align	2
 303              		.type	cy_meta_wonvl, %object
 304              		.size	cy_meta_wonvl, 4
 305              	cy_meta_wonvl:
 306 0000 BC       		.byte	-68
 307 0001 90       		.byte	-112
 308 0002 AC       		.byte	-84
 309 0003 AF       		.byte	-81
 310              		.section	.cycustnvl,"a",%progbits
 311              		.align	2
 312              		.type	cy_meta_custnvl, %object
 313              		.size	cy_meta_custnvl, 4
 314              	cy_meta_custnvl:
 315 0000 00       		.byte	0
 316 0001 00       		.byte	0
 317 0002 40       		.byte	64
 318 0003 05       		.byte	5
 319              		.section	.cymeta,"a",%progbits
 320              		.align	2
 321              		.type	cy_metadata, %object
 322              		.size	cy_metadata, 12
 323              	cy_metadata:
 324 0000 00       		.byte	0
 325 0001 01       		.byte	1
 326 0002 2E       		.byte	46
 327 0003 16       		.byte	22
 328 0004 10       		.byte	16
 329 0005 69       		.byte	105
 330 0006 00       		.byte	0
 331 0007 01       		.byte	1
 332 0008 00       		.byte	0
 333 0009 00       		.byte	0
 334 000a 00       		.byte	0
 335 000b 00       		.byte	0
 336              		.section	.cyflashprotect,"a",%progbits
 337              		.align	2
 338              		.type	cy_meta_flashprotect, %object
 339              		.size	cy_meta_flashprotect, 256
 340              	cy_meta_flashprotect:
 341 0000 00000000 		.space	256
 341      00000000 
ARM GAS  C:\Users\user\AppData\Local\Temp\ccXIP8RY.s 			page 7


 341      00000000 
 341      00000000 
 341      00000000 
 342              		.text
 343              	.Letext0:
 344              		.file 1 "c:\\program files (x86)\\cypress\\psoc creator\\4.4\\psoc creator\\import\\gnu\\arm\\5.4.
 345              		.file 2 "c:\\program files (x86)\\cypress\\psoc creator\\4.4\\psoc creator\\import\\gnu\\arm\\5.4.
 346              		.file 3 "Generated_Source\\PSoC5\\cymetadata.c"
 347              		.section	.debug_info,"",%progbits
 348              	.Ldebug_info0:
 349 0000 31010000 		.4byte	0x131
 350 0004 0400     		.2byte	0x4
 351 0006 00000000 		.4byte	.Ldebug_abbrev0
 352 000a 04       		.byte	0x4
 353 000b 01       		.uleb128 0x1
 354 000c 24000000 		.4byte	.LASF17
 355 0010 0C       		.byte	0xc
 356 0011 E2010000 		.4byte	.LASF18
 357 0015 7E010000 		.4byte	.LASF19
 358 0019 00000000 		.4byte	.Ldebug_line0
 359 001d 02       		.uleb128 0x2
 360 001e 01       		.byte	0x1
 361 001f 06       		.byte	0x6
 362 0020 72010000 		.4byte	.LASF0
 363 0024 03       		.uleb128 0x3
 364 0025 00000000 		.4byte	.LASF9
 365 0029 01       		.byte	0x1
 366 002a 1D       		.byte	0x1d
 367 002b 2F000000 		.4byte	0x2f
 368 002f 02       		.uleb128 0x2
 369 0030 01       		.byte	0x1
 370 0031 08       		.byte	0x8
 371 0032 16000000 		.4byte	.LASF1
 372 0036 02       		.uleb128 0x2
 373 0037 02       		.byte	0x2
 374 0038 05       		.byte	0x5
 375 0039 5F010000 		.4byte	.LASF2
 376 003d 02       		.uleb128 0x2
 377 003e 02       		.byte	0x2
 378 003f 07       		.byte	0x7
 379 0040 C4000000 		.4byte	.LASF3
 380 0044 02       		.uleb128 0x2
 381 0045 04       		.byte	0x4
 382 0046 05       		.byte	0x5
 383 0047 69010000 		.4byte	.LASF4
 384 004b 02       		.uleb128 0x2
 385 004c 04       		.byte	0x4
 386 004d 07       		.byte	0x7
 387 004e B2000000 		.4byte	.LASF5
 388 0052 02       		.uleb128 0x2
 389 0053 08       		.byte	0x8
 390 0054 05       		.byte	0x5
 391 0055 51010000 		.4byte	.LASF6
 392 0059 02       		.uleb128 0x2
 393 005a 08       		.byte	0x8
 394 005b 07       		.byte	0x7
 395 005c 06010000 		.4byte	.LASF7
ARM GAS  C:\Users\user\AppData\Local\Temp\ccXIP8RY.s 			page 8


 396 0060 04       		.uleb128 0x4
 397 0061 04       		.byte	0x4
 398 0062 05       		.byte	0x5
 399 0063 696E7400 		.ascii	"int\000"
 400 0067 02       		.uleb128 0x2
 401 0068 04       		.byte	0x4
 402 0069 07       		.byte	0x7
 403 006a F9000000 		.4byte	.LASF8
 404 006e 03       		.uleb128 0x3
 405 006f 1D010000 		.4byte	.LASF10
 406 0073 02       		.byte	0x2
 407 0074 18       		.byte	0x18
 408 0075 24000000 		.4byte	0x24
 409 0079 05       		.uleb128 0x5
 410 007a 91000000 		.4byte	0x91
 411 007e 8A000000 		.4byte	0x8a
 412 0082 06       		.uleb128 0x6
 413 0083 8A000000 		.4byte	0x8a
 414 0087 0F01     		.2byte	0x10f
 415 0089 00       		.byte	0
 416 008a 02       		.uleb128 0x2
 417 008b 04       		.byte	0x4
 418 008c 07       		.byte	0x7
 419 008d 48010000 		.4byte	.LASF11
 420 0091 07       		.uleb128 0x7
 421 0092 6E000000 		.4byte	0x6e
 422 0096 08       		.uleb128 0x8
 423 0097 E7000000 		.4byte	.LASF12
 424 009b 03       		.byte	0x3
 425 009c 1F       		.byte	0x1f
 426 009d A7000000 		.4byte	0xa7
 427 00a1 05       		.uleb128 0x5
 428 00a2 03       		.byte	0x3
 429 00a3 00000000 		.4byte	cy_meta_configecc
 430 00a7 07       		.uleb128 0x7
 431 00a8 79000000 		.4byte	0x79
 432 00ac 05       		.uleb128 0x5
 433 00ad 91000000 		.4byte	0x91
 434 00b1 BC000000 		.4byte	0xbc
 435 00b5 09       		.uleb128 0x9
 436 00b6 8A000000 		.4byte	0x8a
 437 00ba 03       		.byte	0x3
 438 00bb 00       		.byte	0
 439 00bc 08       		.uleb128 0x8
 440 00bd D7000000 		.4byte	.LASF13
 441 00c1 03       		.byte	0x3
 442 00c2 4E       		.byte	0x4e
 443 00c3 CD000000 		.4byte	0xcd
 444 00c7 05       		.uleb128 0x5
 445 00c8 03       		.byte	0x3
 446 00c9 00000000 		.4byte	cy_meta_custnvl
 447 00cd 07       		.uleb128 0x7
 448 00ce AC000000 		.4byte	0xac
 449 00d2 08       		.uleb128 0x8
 450 00d3 3A010000 		.4byte	.LASF14
 451 00d7 03       		.byte	0x3
 452 00d8 5C       		.byte	0x5c
ARM GAS  C:\Users\user\AppData\Local\Temp\ccXIP8RY.s 			page 9


 453 00d9 E3000000 		.4byte	0xe3
 454 00dd 05       		.uleb128 0x5
 455 00de 03       		.byte	0x3
 456 00df 00000000 		.4byte	cy_meta_wonvl
 457 00e3 07       		.uleb128 0x7
 458 00e4 AC000000 		.4byte	0xac
 459 00e8 05       		.uleb128 0x5
 460 00e9 91000000 		.4byte	0x91
 461 00ed F8000000 		.4byte	0xf8
 462 00f1 09       		.uleb128 0x9
 463 00f2 8A000000 		.4byte	0x8a
 464 00f6 FF       		.byte	0xff
 465 00f7 00       		.byte	0
 466 00f8 08       		.uleb128 0x8
 467 00f9 25010000 		.4byte	.LASF15
 468 00fd 03       		.byte	0x3
 469 00fe 6A       		.byte	0x6a
 470 00ff 09010000 		.4byte	0x109
 471 0103 05       		.uleb128 0x5
 472 0104 03       		.byte	0x3
 473 0105 00000000 		.4byte	cy_meta_flashprotect
 474 0109 07       		.uleb128 0x7
 475 010a E8000000 		.4byte	0xe8
 476 010e 05       		.uleb128 0x5
 477 010f 91000000 		.4byte	0x91
 478 0113 1E010000 		.4byte	0x11e
 479 0117 09       		.uleb128 0x9
 480 0118 8A000000 		.4byte	0x8a
 481 011c 0B       		.byte	0xb
 482 011d 00       		.byte	0
 483 011e 08       		.uleb128 0x8
 484 011f 0A000000 		.4byte	.LASF16
 485 0123 03       		.byte	0x3
 486 0124 97       		.byte	0x97
 487 0125 2F010000 		.4byte	0x12f
 488 0129 05       		.uleb128 0x5
 489 012a 03       		.byte	0x3
 490 012b 00000000 		.4byte	cy_metadata
 491 012f 07       		.uleb128 0x7
 492 0130 0E010000 		.4byte	0x10e
 493 0134 00       		.byte	0
 494              		.section	.debug_abbrev,"",%progbits
 495              	.Ldebug_abbrev0:
 496 0000 01       		.uleb128 0x1
 497 0001 11       		.uleb128 0x11
 498 0002 01       		.byte	0x1
 499 0003 25       		.uleb128 0x25
 500 0004 0E       		.uleb128 0xe
 501 0005 13       		.uleb128 0x13
 502 0006 0B       		.uleb128 0xb
 503 0007 03       		.uleb128 0x3
 504 0008 0E       		.uleb128 0xe
 505 0009 1B       		.uleb128 0x1b
 506 000a 0E       		.uleb128 0xe
 507 000b 10       		.uleb128 0x10
 508 000c 17       		.uleb128 0x17
 509 000d 00       		.byte	0
ARM GAS  C:\Users\user\AppData\Local\Temp\ccXIP8RY.s 			page 10


 510 000e 00       		.byte	0
 511 000f 02       		.uleb128 0x2
 512 0010 24       		.uleb128 0x24
 513 0011 00       		.byte	0
 514 0012 0B       		.uleb128 0xb
 515 0013 0B       		.uleb128 0xb
 516 0014 3E       		.uleb128 0x3e
 517 0015 0B       		.uleb128 0xb
 518 0016 03       		.uleb128 0x3
 519 0017 0E       		.uleb128 0xe
 520 0018 00       		.byte	0
 521 0019 00       		.byte	0
 522 001a 03       		.uleb128 0x3
 523 001b 16       		.uleb128 0x16
 524 001c 00       		.byte	0
 525 001d 03       		.uleb128 0x3
 526 001e 0E       		.uleb128 0xe
 527 001f 3A       		.uleb128 0x3a
 528 0020 0B       		.uleb128 0xb
 529 0021 3B       		.uleb128 0x3b
 530 0022 0B       		.uleb128 0xb
 531 0023 49       		.uleb128 0x49
 532 0024 13       		.uleb128 0x13
 533 0025 00       		.byte	0
 534 0026 00       		.byte	0
 535 0027 04       		.uleb128 0x4
 536 0028 24       		.uleb128 0x24
 537 0029 00       		.byte	0
 538 002a 0B       		.uleb128 0xb
 539 002b 0B       		.uleb128 0xb
 540 002c 3E       		.uleb128 0x3e
 541 002d 0B       		.uleb128 0xb
 542 002e 03       		.uleb128 0x3
 543 002f 08       		.uleb128 0x8
 544 0030 00       		.byte	0
 545 0031 00       		.byte	0
 546 0032 05       		.uleb128 0x5
 547 0033 01       		.uleb128 0x1
 548 0034 01       		.byte	0x1
 549 0035 49       		.uleb128 0x49
 550 0036 13       		.uleb128 0x13
 551 0037 01       		.uleb128 0x1
 552 0038 13       		.uleb128 0x13
 553 0039 00       		.byte	0
 554 003a 00       		.byte	0
 555 003b 06       		.uleb128 0x6
 556 003c 21       		.uleb128 0x21
 557 003d 00       		.byte	0
 558 003e 49       		.uleb128 0x49
 559 003f 13       		.uleb128 0x13
 560 0040 2F       		.uleb128 0x2f
 561 0041 05       		.uleb128 0x5
 562 0042 00       		.byte	0
 563 0043 00       		.byte	0
 564 0044 07       		.uleb128 0x7
 565 0045 26       		.uleb128 0x26
 566 0046 00       		.byte	0
ARM GAS  C:\Users\user\AppData\Local\Temp\ccXIP8RY.s 			page 11


 567 0047 49       		.uleb128 0x49
 568 0048 13       		.uleb128 0x13
 569 0049 00       		.byte	0
 570 004a 00       		.byte	0
 571 004b 08       		.uleb128 0x8
 572 004c 34       		.uleb128 0x34
 573 004d 00       		.byte	0
 574 004e 03       		.uleb128 0x3
 575 004f 0E       		.uleb128 0xe
 576 0050 3A       		.uleb128 0x3a
 577 0051 0B       		.uleb128 0xb
 578 0052 3B       		.uleb128 0x3b
 579 0053 0B       		.uleb128 0xb
 580 0054 49       		.uleb128 0x49
 581 0055 13       		.uleb128 0x13
 582 0056 3F       		.uleb128 0x3f
 583 0057 19       		.uleb128 0x19
 584 0058 02       		.uleb128 0x2
 585 0059 18       		.uleb128 0x18
 586 005a 00       		.byte	0
 587 005b 00       		.byte	0
 588 005c 09       		.uleb128 0x9
 589 005d 21       		.uleb128 0x21
 590 005e 00       		.byte	0
 591 005f 49       		.uleb128 0x49
 592 0060 13       		.uleb128 0x13
 593 0061 2F       		.uleb128 0x2f
 594 0062 0B       		.uleb128 0xb
 595 0063 00       		.byte	0
 596 0064 00       		.byte	0
 597 0065 00       		.byte	0
 598              		.section	.debug_aranges,"",%progbits
 599 0000 14000000 		.4byte	0x14
 600 0004 0200     		.2byte	0x2
 601 0006 00000000 		.4byte	.Ldebug_info0
 602 000a 04       		.byte	0x4
 603 000b 00       		.byte	0
 604 000c 0000     		.2byte	0
 605 000e 0000     		.2byte	0
 606 0010 00000000 		.4byte	0
 607 0014 00000000 		.4byte	0
 608              		.section	.debug_line,"",%progbits
 609              	.Ldebug_line0:
 610 0000 3D010000 		.section	.debug_str,"MS",%progbits,1
 610      02003701 
 610      00000201 
 610      FB0E0D00 
 610      01010101 
 611              	.LASF9:
 612 0000 5F5F7569 		.ascii	"__uint8_t\000"
 612      6E74385F 
 612      7400
 613              	.LASF16:
 614 000a 63795F6D 		.ascii	"cy_metadata\000"
 614      65746164 
 614      61746100 
 615              	.LASF1:
ARM GAS  C:\Users\user\AppData\Local\Temp\ccXIP8RY.s 			page 12


 616 0016 756E7369 		.ascii	"unsigned char\000"
 616      676E6564 
 616      20636861 
 616      7200
 617              	.LASF17:
 618 0024 474E5520 		.ascii	"GNU C11 5.4.1 20160609 (release) [ARM/embedded-5-br"
 618      43313120 
 618      352E342E 
 618      31203230 
 618      31363036 
 619 0057 616E6368 		.ascii	"anch revision 237715] -mcpu=cortex-m3 -mthumb -g -O"
 619      20726576 
 619      6973696F 
 619      6E203233 
 619      37373135 
 620 008a 67202D66 		.ascii	"g -ffunction-sections -ffat-lto-objects\000"
 620      66756E63 
 620      74696F6E 
 620      2D736563 
 620      74696F6E 
 621              	.LASF5:
 622 00b2 6C6F6E67 		.ascii	"long unsigned int\000"
 622      20756E73 
 622      69676E65 
 622      6420696E 
 622      7400
 623              	.LASF3:
 624 00c4 73686F72 		.ascii	"short unsigned int\000"
 624      7420756E 
 624      7369676E 
 624      65642069 
 624      6E7400
 625              	.LASF13:
 626 00d7 63795F6D 		.ascii	"cy_meta_custnvl\000"
 626      6574615F 
 626      63757374 
 626      6E766C00 
 627              	.LASF12:
 628 00e7 63795F6D 		.ascii	"cy_meta_configecc\000"
 628      6574615F 
 628      636F6E66 
 628      69676563 
 628      6300
 629              	.LASF8:
 630 00f9 756E7369 		.ascii	"unsigned int\000"
 630      676E6564 
 630      20696E74 
 630      00
 631              	.LASF7:
 632 0106 6C6F6E67 		.ascii	"long long unsigned int\000"
 632      206C6F6E 
 632      6720756E 
 632      7369676E 
 632      65642069 
 633              	.LASF10:
 634 011d 75696E74 		.ascii	"uint8_t\000"
 634      385F7400 
ARM GAS  C:\Users\user\AppData\Local\Temp\ccXIP8RY.s 			page 13


 635              	.LASF15:
 636 0125 63795F6D 		.ascii	"cy_meta_flashprotect\000"
 636      6574615F 
 636      666C6173 
 636      6870726F 
 636      74656374 
 637              	.LASF14:
 638 013a 63795F6D 		.ascii	"cy_meta_wonvl\000"
 638      6574615F 
 638      776F6E76 
 638      6C00
 639              	.LASF11:
 640 0148 73697A65 		.ascii	"sizetype\000"
 640      74797065 
 640      00
 641              	.LASF6:
 642 0151 6C6F6E67 		.ascii	"long long int\000"
 642      206C6F6E 
 642      6720696E 
 642      7400
 643              	.LASF2:
 644 015f 73686F72 		.ascii	"short int\000"
 644      7420696E 
 644      7400
 645              	.LASF4:
 646 0169 6C6F6E67 		.ascii	"long int\000"
 646      20696E74 
 646      00
 647              	.LASF0:
 648 0172 7369676E 		.ascii	"signed char\000"
 648      65642063 
 648      68617200 
 649              	.LASF19:
 650 017e 453A5C47 		.ascii	"E:\\Genotyper-Models\\GenotyperToolbox\\OM_Cypress_"
 650      656E6F74 
 650      79706572 
 650      2D4D6F64 
 650      656C735C 
 651 01ae 576F726B 		.ascii	"Workspace\\OM_workspace\\LED_Brightness_ADC_PWM.cyd"
 651      73706163 
 651      655C4F4D 
 651      5F776F72 
 651      6B737061 
 652 01df 736E00   		.ascii	"sn\000"
 653              	.LASF18:
 654 01e2 47656E65 		.ascii	"Generated_Source\\PSoC5\\cymetadata.c\000"
 654      72617465 
 654      645F536F 
 654      75726365 
 654      5C50536F 
 655              		.ident	"GCC: (GNU Tools for ARM Embedded Processors) 5.4.1 20160609 (release) [ARM/embedded-5-bran
