ARM GAS  C:\Users\user\AppData\Local\Temp\ccvJR3lZ.s 			page 1


   1              		.syntax unified
   2              		.cpu cortex-m3
   3              		.fpu softvfp
   4              		.eabi_attribute 20, 1
   5              		.eabi_attribute 21, 1
   6              		.eabi_attribute 23, 3
   7              		.eabi_attribute 24, 1
   8              		.eabi_attribute 25, 1
   9              		.eabi_attribute 26, 1
  10              		.eabi_attribute 30, 1
  11              		.eabi_attribute 34, 1
  12              		.eabi_attribute 18, 4
  13              		.thumb
  14              		.syntax unified
  15              		.file	"main.c"
  16              		.text
  17              	.Ltext0:
  18              		.cfi_sections	.debug_frame
  19              		.section	.text.main,"ax",%progbits
  20              		.align	2
  21              		.global	main
  22              		.thumb
  23              		.thumb_func
  24              		.type	main, %function
  25              	main:
  26              	.LFB63:
  27              		.file 1 "main.c"
   1:main.c        **** /* ========================================
   2:main.c        ****  *
   3:main.c        ****  * Copyright YOUR COMPANY, THE YEAR
   4:main.c        ****  * All Rights Reserved
   5:main.c        ****  * UNPUBLISHED, LICENSED SOFTWARE.
   6:main.c        ****  *
   7:main.c        ****  * CONFIDENTIAL AND PROPRIETARY INFORMATION
   8:main.c        ****  * WHICH IS THE PROPERTY OF your company.
   9:main.c        ****  *
  10:main.c        ****  * ========================================
  11:main.c        **** */
  12:main.c        **** #include "project.h"
  13:main.c        **** 
  14:main.c        **** int main(void)
  15:main.c        **** {
  28              		.loc 1 15 0
  29              		.cfi_startproc
  30              		@ args = 0, pretend = 0, frame = 0
  31              		@ frame_needed = 0, uses_anonymous_args = 0
  32 0000 08B5     		push	{r3, lr}
  33              		.cfi_def_cfa_offset 8
  34              		.cfi_offset 3, -8
  35              		.cfi_offset 14, -4
  16:main.c        ****     CyGlobalIntEnable; /* Enable global interrupts. */
  36              		.loc 1 16 0
  37              		.syntax unified
  38              	@ 16 "main.c" 1
  39 0002 62B6     		CPSIE   i
  40              	@ 0 "" 2
  17:main.c        ****     PWM_Start();
ARM GAS  C:\Users\user\AppData\Local\Temp\ccvJR3lZ.s 			page 2


  41              		.loc 1 17 0
  42              		.thumb
  43              		.syntax unified
  44 0004 FFF7FEFF 		bl	PWM_Start
  45              	.LVL0:
  18:main.c        ****     ADC_SAR_Start();
  46              		.loc 1 18 0
  47 0008 FFF7FEFF 		bl	ADC_SAR_Start
  48              	.LVL1:
  19:main.c        ****     ADC_SAR_StartConvert();
  49              		.loc 1 19 0
  50 000c FFF7FEFF 		bl	ADC_SAR_StartConvert
  51              	.LVL2:
  52              	.L2:
  53              	.LBB2:
  20:main.c        **** 
  21:main.c        ****     /* Place your initialization/startup code here (e.g. MyInst_Start()) */
  22:main.c        **** 
  23:main.c        ****     for(;;)
  24:main.c        ****     {
  25:main.c        ****      int val = ADC_SAR_GetResult8();
  54              		.loc 1 25 0 discriminator 1
  55 0010 FFF7FEFF 		bl	ADC_SAR_GetResult8
  56              	.LVL3:
  26:main.c        ****     PWM_WriteCompare(val);
  57              		.loc 1 26 0 discriminator 1
  58 0014 C0B2     		uxtb	r0, r0
  59 0016 FFF7FEFF 		bl	PWM_WriteCompare
  60              	.LVL4:
  27:main.c        ****     CyDelay(50);/* Place your application code here. */
  61              		.loc 1 27 0 discriminator 1
  62 001a 3220     		movs	r0, #50
  63 001c FFF7FEFF 		bl	CyDelay
  64              	.LVL5:
  65 0020 F6E7     		b	.L2
  66              	.LBE2:
  67              		.cfi_endproc
  68              	.LFE63:
  69              		.size	main, .-main
  70 0022 00BF     		.text
  71              	.Letext0:
  72              		.file 2 "c:\\program files (x86)\\cypress\\psoc creator\\4.4\\psoc creator\\import\\gnu\\arm\\5.4.
  73              		.file 3 "c:\\program files (x86)\\cypress\\psoc creator\\4.4\\psoc creator\\import\\gnu\\arm\\5.4.
  74              		.file 4 "Generated_Source\\PSoC5/ADC_SAR.h"
  75              		.file 5 "Generated_Source\\PSoC5/PWM.h"
  76              		.file 6 "Generated_Source\\PSoC5/CyLib.h"
  77              		.file 7 "Generated_Source\\PSoC5/core_cm3.h"
  78              		.section	.debug_info,"",%progbits
  79              	.Ldebug_info0:
  80 0000 68010000 		.4byte	0x168
  81 0004 0400     		.2byte	0x4
  82 0006 00000000 		.4byte	.Ldebug_abbrev0
  83 000a 04       		.byte	0x4
  84 000b 01       		.uleb128 0x1
  85 000c 3A000000 		.4byte	.LASF22
  86 0010 0C       		.byte	0xc
  87 0011 2E000000 		.4byte	.LASF23
ARM GAS  C:\Users\user\AppData\Local\Temp\ccvJR3lZ.s 			page 3


  88 0015 42010000 		.4byte	.LASF24
  89 0019 00000000 		.4byte	.Ldebug_ranges0+0
  90 001d 00000000 		.4byte	0
  91 0021 00000000 		.4byte	.Ldebug_line0
  92 0025 02       		.uleb128 0x2
  93 0026 01       		.byte	0x1
  94 0027 06       		.byte	0x6
  95 0028 C6010000 		.4byte	.LASF0
  96 002c 02       		.uleb128 0x2
  97 002d 01       		.byte	0x1
  98 002e 08       		.byte	0x8
  99 002f 07010000 		.4byte	.LASF1
 100 0033 02       		.uleb128 0x2
 101 0034 02       		.byte	0x2
 102 0035 05       		.byte	0x5
 103 0036 38010000 		.4byte	.LASF2
 104 003a 02       		.uleb128 0x2
 105 003b 02       		.byte	0x2
 106 003c 07       		.byte	0x7
 107 003d 0E000000 		.4byte	.LASF3
 108 0041 03       		.uleb128 0x3
 109 0042 E5010000 		.4byte	.LASF9
 110 0046 02       		.byte	0x2
 111 0047 3F       		.byte	0x3f
 112 0048 4C000000 		.4byte	0x4c
 113 004c 02       		.uleb128 0x2
 114 004d 04       		.byte	0x4
 115 004e 05       		.byte	0x5
 116 004f 1A010000 		.4byte	.LASF4
 117 0053 02       		.uleb128 0x2
 118 0054 04       		.byte	0x4
 119 0055 07       		.byte	0x7
 120 0056 D8000000 		.4byte	.LASF5
 121 005a 02       		.uleb128 0x2
 122 005b 08       		.byte	0x8
 123 005c 05       		.byte	0x5
 124 005d 00000000 		.4byte	.LASF6
 125 0061 02       		.uleb128 0x2
 126 0062 08       		.byte	0x8
 127 0063 07       		.byte	0x7
 128 0064 EA000000 		.4byte	.LASF7
 129 0068 04       		.uleb128 0x4
 130 0069 04       		.byte	0x4
 131 006a 05       		.byte	0x5
 132 006b 696E7400 		.ascii	"int\000"
 133 006f 02       		.uleb128 0x2
 134 0070 04       		.byte	0x4
 135 0071 07       		.byte	0x7
 136 0072 21000000 		.4byte	.LASF8
 137 0076 03       		.uleb128 0x3
 138 0077 D0000000 		.4byte	.LASF10
 139 007b 03       		.byte	0x3
 140 007c 2C       		.byte	0x2c
 141 007d 41000000 		.4byte	0x41
 142 0081 02       		.uleb128 0x2
 143 0082 04       		.byte	0x4
 144 0083 04       		.byte	0x4
ARM GAS  C:\Users\user\AppData\Local\Temp\ccvJR3lZ.s 			page 4


 145 0084 01010000 		.4byte	.LASF11
 146 0088 02       		.uleb128 0x2
 147 0089 08       		.byte	0x8
 148 008a 04       		.byte	0x4
 149 008b A6010000 		.4byte	.LASF12
 150 008f 02       		.uleb128 0x2
 151 0090 01       		.byte	0x1
 152 0091 08       		.byte	0x8
 153 0092 15010000 		.4byte	.LASF13
 154 0096 02       		.uleb128 0x2
 155 0097 08       		.byte	0x8
 156 0098 04       		.byte	0x4
 157 0099 AD010000 		.4byte	.LASF14
 158 009d 02       		.uleb128 0x2
 159 009e 04       		.byte	0x4
 160 009f 07       		.byte	0x7
 161 00a0 18020000 		.4byte	.LASF15
 162 00a4 05       		.uleb128 0x5
 163 00a5 35000000 		.4byte	.LASF25
 164 00a9 01       		.byte	0x1
 165 00aa 0E       		.byte	0xe
 166 00ab 68000000 		.4byte	0x68
 167 00af 00000000 		.4byte	.LFB63
 168 00b3 22000000 		.4byte	.LFE63-.LFB63
 169 00b7 01       		.uleb128 0x1
 170 00b8 9C       		.byte	0x9c
 171 00b9 18010000 		.4byte	0x118
 172 00bd 06       		.uleb128 0x6
 173 00be 10000000 		.4byte	.LBB2
 174 00c2 12000000 		.4byte	.LBE2-.LBB2
 175 00c6 FC000000 		.4byte	0xfc
 176 00ca 07       		.uleb128 0x7
 177 00cb 76616C00 		.ascii	"val\000"
 178 00cf 01       		.byte	0x1
 179 00d0 19       		.byte	0x19
 180 00d1 68000000 		.4byte	0x68
 181 00d5 00000000 		.4byte	.LLST0
 182 00d9 08       		.uleb128 0x8
 183 00da 14000000 		.4byte	.LVL3
 184 00de 29010000 		.4byte	0x129
 185 00e2 08       		.uleb128 0x8
 186 00e3 1A000000 		.4byte	.LVL4
 187 00e7 34010000 		.4byte	0x134
 188 00eb 09       		.uleb128 0x9
 189 00ec 20000000 		.4byte	.LVL5
 190 00f0 3F010000 		.4byte	0x13f
 191 00f4 0A       		.uleb128 0xa
 192 00f5 01       		.uleb128 0x1
 193 00f6 50       		.byte	0x50
 194 00f7 02       		.uleb128 0x2
 195 00f8 08       		.byte	0x8
 196 00f9 32       		.byte	0x32
 197 00fa 00       		.byte	0
 198 00fb 00       		.byte	0
 199 00fc 08       		.uleb128 0x8
 200 00fd 08000000 		.4byte	.LVL0
 201 0101 4A010000 		.4byte	0x14a
ARM GAS  C:\Users\user\AppData\Local\Temp\ccvJR3lZ.s 			page 5


 202 0105 08       		.uleb128 0x8
 203 0106 0C000000 		.4byte	.LVL1
 204 010a 55010000 		.4byte	0x155
 205 010e 08       		.uleb128 0x8
 206 010f 10000000 		.4byte	.LVL2
 207 0113 60010000 		.4byte	0x160
 208 0117 00       		.byte	0
 209 0118 0B       		.uleb128 0xb
 210 0119 B9010000 		.4byte	.LASF26
 211 011d 07       		.byte	0x7
 212 011e 1207     		.2byte	0x712
 213 0120 24010000 		.4byte	0x124
 214 0124 0C       		.uleb128 0xc
 215 0125 76000000 		.4byte	0x76
 216 0129 0D       		.uleb128 0xd
 217 012a D2010000 		.4byte	.LASF16
 218 012e D2010000 		.4byte	.LASF16
 219 0132 04       		.byte	0x4
 220 0133 3A       		.byte	0x3a
 221 0134 0D       		.uleb128 0xd
 222 0135 07020000 		.4byte	.LASF17
 223 0139 07020000 		.4byte	.LASF17
 224 013d 05       		.byte	0x5
 225 013e C3       		.byte	0xc3
 226 013f 0D       		.uleb128 0xd
 227 0140 C8000000 		.4byte	.LASF18
 228 0144 C8000000 		.4byte	.LASF18
 229 0148 06       		.byte	0x6
 230 0149 76       		.byte	0x76
 231 014a 0D       		.uleb128 0xd
 232 014b EF010000 		.4byte	.LASF19
 233 014f EF010000 		.4byte	.LASF19
 234 0153 05       		.byte	0x5
 235 0154 92       		.byte	0x92
 236 0155 0D       		.uleb128 0xd
 237 0156 F9010000 		.4byte	.LASF20
 238 015a F9010000 		.4byte	.LASF20
 239 015e 04       		.byte	0x4
 240 015f 34       		.byte	0x34
 241 0160 0D       		.uleb128 0xd
 242 0161 23010000 		.4byte	.LASF21
 243 0165 23010000 		.4byte	.LASF21
 244 0169 04       		.byte	0x4
 245 016a D1       		.byte	0xd1
 246 016b 00       		.byte	0
 247              		.section	.debug_abbrev,"",%progbits
 248              	.Ldebug_abbrev0:
 249 0000 01       		.uleb128 0x1
 250 0001 11       		.uleb128 0x11
 251 0002 01       		.byte	0x1
 252 0003 25       		.uleb128 0x25
 253 0004 0E       		.uleb128 0xe
 254 0005 13       		.uleb128 0x13
 255 0006 0B       		.uleb128 0xb
 256 0007 03       		.uleb128 0x3
 257 0008 0E       		.uleb128 0xe
 258 0009 1B       		.uleb128 0x1b
ARM GAS  C:\Users\user\AppData\Local\Temp\ccvJR3lZ.s 			page 6


 259 000a 0E       		.uleb128 0xe
 260 000b 55       		.uleb128 0x55
 261 000c 17       		.uleb128 0x17
 262 000d 11       		.uleb128 0x11
 263 000e 01       		.uleb128 0x1
 264 000f 10       		.uleb128 0x10
 265 0010 17       		.uleb128 0x17
 266 0011 00       		.byte	0
 267 0012 00       		.byte	0
 268 0013 02       		.uleb128 0x2
 269 0014 24       		.uleb128 0x24
 270 0015 00       		.byte	0
 271 0016 0B       		.uleb128 0xb
 272 0017 0B       		.uleb128 0xb
 273 0018 3E       		.uleb128 0x3e
 274 0019 0B       		.uleb128 0xb
 275 001a 03       		.uleb128 0x3
 276 001b 0E       		.uleb128 0xe
 277 001c 00       		.byte	0
 278 001d 00       		.byte	0
 279 001e 03       		.uleb128 0x3
 280 001f 16       		.uleb128 0x16
 281 0020 00       		.byte	0
 282 0021 03       		.uleb128 0x3
 283 0022 0E       		.uleb128 0xe
 284 0023 3A       		.uleb128 0x3a
 285 0024 0B       		.uleb128 0xb
 286 0025 3B       		.uleb128 0x3b
 287 0026 0B       		.uleb128 0xb
 288 0027 49       		.uleb128 0x49
 289 0028 13       		.uleb128 0x13
 290 0029 00       		.byte	0
 291 002a 00       		.byte	0
 292 002b 04       		.uleb128 0x4
 293 002c 24       		.uleb128 0x24
 294 002d 00       		.byte	0
 295 002e 0B       		.uleb128 0xb
 296 002f 0B       		.uleb128 0xb
 297 0030 3E       		.uleb128 0x3e
 298 0031 0B       		.uleb128 0xb
 299 0032 03       		.uleb128 0x3
 300 0033 08       		.uleb128 0x8
 301 0034 00       		.byte	0
 302 0035 00       		.byte	0
 303 0036 05       		.uleb128 0x5
 304 0037 2E       		.uleb128 0x2e
 305 0038 01       		.byte	0x1
 306 0039 3F       		.uleb128 0x3f
 307 003a 19       		.uleb128 0x19
 308 003b 03       		.uleb128 0x3
 309 003c 0E       		.uleb128 0xe
 310 003d 3A       		.uleb128 0x3a
 311 003e 0B       		.uleb128 0xb
 312 003f 3B       		.uleb128 0x3b
 313 0040 0B       		.uleb128 0xb
 314 0041 27       		.uleb128 0x27
 315 0042 19       		.uleb128 0x19
ARM GAS  C:\Users\user\AppData\Local\Temp\ccvJR3lZ.s 			page 7


 316 0043 49       		.uleb128 0x49
 317 0044 13       		.uleb128 0x13
 318 0045 8701     		.uleb128 0x87
 319 0047 19       		.uleb128 0x19
 320 0048 11       		.uleb128 0x11
 321 0049 01       		.uleb128 0x1
 322 004a 12       		.uleb128 0x12
 323 004b 06       		.uleb128 0x6
 324 004c 40       		.uleb128 0x40
 325 004d 18       		.uleb128 0x18
 326 004e 9742     		.uleb128 0x2117
 327 0050 19       		.uleb128 0x19
 328 0051 01       		.uleb128 0x1
 329 0052 13       		.uleb128 0x13
 330 0053 00       		.byte	0
 331 0054 00       		.byte	0
 332 0055 06       		.uleb128 0x6
 333 0056 0B       		.uleb128 0xb
 334 0057 01       		.byte	0x1
 335 0058 11       		.uleb128 0x11
 336 0059 01       		.uleb128 0x1
 337 005a 12       		.uleb128 0x12
 338 005b 06       		.uleb128 0x6
 339 005c 01       		.uleb128 0x1
 340 005d 13       		.uleb128 0x13
 341 005e 00       		.byte	0
 342 005f 00       		.byte	0
 343 0060 07       		.uleb128 0x7
 344 0061 34       		.uleb128 0x34
 345 0062 00       		.byte	0
 346 0063 03       		.uleb128 0x3
 347 0064 08       		.uleb128 0x8
 348 0065 3A       		.uleb128 0x3a
 349 0066 0B       		.uleb128 0xb
 350 0067 3B       		.uleb128 0x3b
 351 0068 0B       		.uleb128 0xb
 352 0069 49       		.uleb128 0x49
 353 006a 13       		.uleb128 0x13
 354 006b 02       		.uleb128 0x2
 355 006c 17       		.uleb128 0x17
 356 006d 00       		.byte	0
 357 006e 00       		.byte	0
 358 006f 08       		.uleb128 0x8
 359 0070 898201   		.uleb128 0x4109
 360 0073 00       		.byte	0
 361 0074 11       		.uleb128 0x11
 362 0075 01       		.uleb128 0x1
 363 0076 31       		.uleb128 0x31
 364 0077 13       		.uleb128 0x13
 365 0078 00       		.byte	0
 366 0079 00       		.byte	0
 367 007a 09       		.uleb128 0x9
 368 007b 898201   		.uleb128 0x4109
 369 007e 01       		.byte	0x1
 370 007f 11       		.uleb128 0x11
 371 0080 01       		.uleb128 0x1
 372 0081 31       		.uleb128 0x31
ARM GAS  C:\Users\user\AppData\Local\Temp\ccvJR3lZ.s 			page 8


 373 0082 13       		.uleb128 0x13
 374 0083 00       		.byte	0
 375 0084 00       		.byte	0
 376 0085 0A       		.uleb128 0xa
 377 0086 8A8201   		.uleb128 0x410a
 378 0089 00       		.byte	0
 379 008a 02       		.uleb128 0x2
 380 008b 18       		.uleb128 0x18
 381 008c 9142     		.uleb128 0x2111
 382 008e 18       		.uleb128 0x18
 383 008f 00       		.byte	0
 384 0090 00       		.byte	0
 385 0091 0B       		.uleb128 0xb
 386 0092 34       		.uleb128 0x34
 387 0093 00       		.byte	0
 388 0094 03       		.uleb128 0x3
 389 0095 0E       		.uleb128 0xe
 390 0096 3A       		.uleb128 0x3a
 391 0097 0B       		.uleb128 0xb
 392 0098 3B       		.uleb128 0x3b
 393 0099 05       		.uleb128 0x5
 394 009a 49       		.uleb128 0x49
 395 009b 13       		.uleb128 0x13
 396 009c 3F       		.uleb128 0x3f
 397 009d 19       		.uleb128 0x19
 398 009e 3C       		.uleb128 0x3c
 399 009f 19       		.uleb128 0x19
 400 00a0 00       		.byte	0
 401 00a1 00       		.byte	0
 402 00a2 0C       		.uleb128 0xc
 403 00a3 35       		.uleb128 0x35
 404 00a4 00       		.byte	0
 405 00a5 49       		.uleb128 0x49
 406 00a6 13       		.uleb128 0x13
 407 00a7 00       		.byte	0
 408 00a8 00       		.byte	0
 409 00a9 0D       		.uleb128 0xd
 410 00aa 2E       		.uleb128 0x2e
 411 00ab 00       		.byte	0
 412 00ac 3F       		.uleb128 0x3f
 413 00ad 19       		.uleb128 0x19
 414 00ae 3C       		.uleb128 0x3c
 415 00af 19       		.uleb128 0x19
 416 00b0 6E       		.uleb128 0x6e
 417 00b1 0E       		.uleb128 0xe
 418 00b2 03       		.uleb128 0x3
 419 00b3 0E       		.uleb128 0xe
 420 00b4 3A       		.uleb128 0x3a
 421 00b5 0B       		.uleb128 0xb
 422 00b6 3B       		.uleb128 0x3b
 423 00b7 0B       		.uleb128 0xb
 424 00b8 00       		.byte	0
 425 00b9 00       		.byte	0
 426 00ba 00       		.byte	0
 427              		.section	.debug_loc,"",%progbits
 428              	.Ldebug_loc0:
 429              	.LLST0:
ARM GAS  C:\Users\user\AppData\Local\Temp\ccvJR3lZ.s 			page 9


 430 0000 14000000 		.4byte	.LVL3
 431 0004 19000000 		.4byte	.LVL4-1
 432 0008 0700     		.2byte	0x7
 433 000a 70       		.byte	0x70
 434 000b 00       		.sleb128 0
 435 000c 48       		.byte	0x48
 436 000d 24       		.byte	0x24
 437 000e 48       		.byte	0x48
 438 000f 26       		.byte	0x26
 439 0010 9F       		.byte	0x9f
 440 0011 00000000 		.4byte	0
 441 0015 00000000 		.4byte	0
 442              		.section	.debug_aranges,"",%progbits
 443 0000 1C000000 		.4byte	0x1c
 444 0004 0200     		.2byte	0x2
 445 0006 00000000 		.4byte	.Ldebug_info0
 446 000a 04       		.byte	0x4
 447 000b 00       		.byte	0
 448 000c 0000     		.2byte	0
 449 000e 0000     		.2byte	0
 450 0010 00000000 		.4byte	.LFB63
 451 0014 22000000 		.4byte	.LFE63-.LFB63
 452 0018 00000000 		.4byte	0
 453 001c 00000000 		.4byte	0
 454              		.section	.debug_ranges,"",%progbits
 455              	.Ldebug_ranges0:
 456 0000 00000000 		.4byte	.LFB63
 457 0004 22000000 		.4byte	.LFE63
 458 0008 00000000 		.4byte	0
 459 000c 00000000 		.4byte	0
 460              		.section	.debug_line,"",%progbits
 461              	.Ldebug_line0:
 462 0000 88010000 		.section	.debug_str,"MS",%progbits,1
 462      02006001 
 462      00000201 
 462      FB0E0D00 
 462      01010101 
 463              	.LASF6:
 464 0000 6C6F6E67 		.ascii	"long long int\000"
 464      206C6F6E 
 464      6720696E 
 464      7400
 465              	.LASF3:
 466 000e 73686F72 		.ascii	"short unsigned int\000"
 466      7420756E 
 466      7369676E 
 466      65642069 
 466      6E7400
 467              	.LASF8:
 468 0021 756E7369 		.ascii	"unsigned int\000"
 468      676E6564 
 468      20696E74 
 468      00
 469              	.LASF23:
 470 002e 6D61696E 		.ascii	"main.c\000"
 470      2E6300
 471              	.LASF25:
ARM GAS  C:\Users\user\AppData\Local\Temp\ccvJR3lZ.s 			page 10


 472 0035 6D61696E 		.ascii	"main\000"
 472      00
 473              	.LASF22:
 474 003a 474E5520 		.ascii	"GNU C11 5.4.1 20160609 (release) [ARM/embedded-5-br"
 474      43313120 
 474      352E342E 
 474      31203230 
 474      31363036 
 475 006d 616E6368 		.ascii	"anch revision 237715] -mcpu=cortex-m3 -mthumb -g -O"
 475      20726576 
 475      6973696F 
 475      6E203233 
 475      37373135 
 476 00a0 67202D66 		.ascii	"g -ffunction-sections -ffat-lto-objects\000"
 476      66756E63 
 476      74696F6E 
 476      2D736563 
 476      74696F6E 
 477              	.LASF18:
 478 00c8 43794465 		.ascii	"CyDelay\000"
 478      6C617900 
 479              	.LASF10:
 480 00d0 696E7433 		.ascii	"int32_t\000"
 480      325F7400 
 481              	.LASF5:
 482 00d8 6C6F6E67 		.ascii	"long unsigned int\000"
 482      20756E73 
 482      69676E65 
 482      6420696E 
 482      7400
 483              	.LASF7:
 484 00ea 6C6F6E67 		.ascii	"long long unsigned int\000"
 484      206C6F6E 
 484      6720756E 
 484      7369676E 
 484      65642069 
 485              	.LASF11:
 486 0101 666C6F61 		.ascii	"float\000"
 486      7400
 487              	.LASF1:
 488 0107 756E7369 		.ascii	"unsigned char\000"
 488      676E6564 
 488      20636861 
 488      7200
 489              	.LASF13:
 490 0115 63686172 		.ascii	"char\000"
 490      00
 491              	.LASF4:
 492 011a 6C6F6E67 		.ascii	"long int\000"
 492      20696E74 
 492      00
 493              	.LASF21:
 494 0123 4144435F 		.ascii	"ADC_SAR_StartConvert\000"
 494      5341525F 
 494      53746172 
 494      74436F6E 
 494      76657274 
ARM GAS  C:\Users\user\AppData\Local\Temp\ccvJR3lZ.s 			page 11


 495              	.LASF2:
 496 0138 73686F72 		.ascii	"short int\000"
 496      7420696E 
 496      7400
 497              	.LASF24:
 498 0142 453A5C47 		.ascii	"E:\\Genotyper-Models\\GenotyperToolbox\\OM_Cypress_"
 498      656E6F74 
 498      79706572 
 498      2D4D6F64 
 498      656C735C 
 499 0172 576F726B 		.ascii	"Workspace\\OM_workspace\\LED_Brightness_ADC_PWM.cyd"
 499      73706163 
 499      655C4F4D 
 499      5F776F72 
 499      6B737061 
 500 01a3 736E00   		.ascii	"sn\000"
 501              	.LASF12:
 502 01a6 646F7562 		.ascii	"double\000"
 502      6C6500
 503              	.LASF14:
 504 01ad 6C6F6E67 		.ascii	"long double\000"
 504      20646F75 
 504      626C6500 
 505              	.LASF26:
 506 01b9 49544D5F 		.ascii	"ITM_RxBuffer\000"
 506      52784275 
 506      66666572 
 506      00
 507              	.LASF0:
 508 01c6 7369676E 		.ascii	"signed char\000"
 508      65642063 
 508      68617200 
 509              	.LASF16:
 510 01d2 4144435F 		.ascii	"ADC_SAR_GetResult8\000"
 510      5341525F 
 510      47657452 
 510      6573756C 
 510      743800
 511              	.LASF9:
 512 01e5 5F5F696E 		.ascii	"__int32_t\000"
 512      7433325F 
 512      7400
 513              	.LASF19:
 514 01ef 50574D5F 		.ascii	"PWM_Start\000"
 514      53746172 
 514      7400
 515              	.LASF20:
 516 01f9 4144435F 		.ascii	"ADC_SAR_Start\000"
 516      5341525F 
 516      53746172 
 516      7400
 517              	.LASF17:
 518 0207 50574D5F 		.ascii	"PWM_WriteCompare\000"
 518      57726974 
 518      65436F6D 
 518      70617265 
 518      00
ARM GAS  C:\Users\user\AppData\Local\Temp\ccvJR3lZ.s 			page 12


 519              	.LASF15:
 520 0218 73697A65 		.ascii	"sizetype\000"
 520      74797065 
 520      00
 521              		.ident	"GCC: (GNU Tools for ARM Embedded Processors) 5.4.1 20160609 (release) [ARM/embedded-5-bran
