Loading plugins phase: Elapsed time ==> 0s.204ms
<CYPRESSTAG name="CyDsfit arguments...">
cydsfit arguments: -.fdsnotice -.fdswarpdepfile=warp_dependencies.txt -.fdselabdepfile=elab_dependencies.txt -.fdsbldfile=generated_files.txt -.fdsreffile=referenced_files.txt -p E:\Genotyper-Firmware\docs\sample_projects\psoc\samples\PhotoDiode.cydsn\PhotoDiode.cyprj -d CY8C5888LTI-LP097 -s E:\Genotyper-Firmware\docs\sample_projects\psoc\samples\PhotoDiode.cydsn\Generated_Source\PSoC5 -- -yv2 -q10 -ygs -o2 -v3 -.fftcfgtype=LE
</CYPRESSTAG>
<CYPRESSTAG name="Design elaboration results...">
</CYPRESSTAG>
Elaboration phase: Elapsed time ==> 1s.396ms
<CYPRESSTAG name="HDL generation results...">
</CYPRESSTAG>
HDL generation phase: Elapsed time ==> 0s.027ms
<CYPRESSTAG name="Synthesis results...">

     | | | | | | |
   _________________
  -|               |-
  -|               |-
  -|               |-
  -|    CYPRESS    |-
  -|               |-
  -|               |-   Warp Verilog Synthesis Compiler: Version 6.3 IR 41
  -|               |-   Copyright (C) 1991-2001 Cypress Semiconductor
   |_______________|
     | | | | | | |

======================================================================
Compiling:  PhotoDiode.v
Program  :   C:\Program Files (x86)\Cypress\PSoC Creator\4.4\PSoC Creator\warp\bin\warp.exe
Options  :    -yv2 -q10 -ygs -o2 -v3 -.fftcfgtype=LE -ya -.fftprj=E:\Genotyper-Firmware\docs\sample_projects\psoc\samples\PhotoDiode.cydsn\PhotoDiode.cyprj -dcpsoc3 PhotoDiode.v -verilog
======================================================================

======================================================================
Compiling:  PhotoDiode.v
Program  :   C:\Program Files (x86)\Cypress\PSoC Creator\4.4\PSoC Creator\warp\bin\warp.exe
Options  :    -yv2 -q10 -ygs -o2 -v3 -.fftcfgtype=LE -ya -.fftprj=E:\Genotyper-Firmware\docs\sample_projects\psoc\samples\PhotoDiode.cydsn\PhotoDiode.cyprj -dcpsoc3 PhotoDiode.v -verilog
======================================================================

======================================================================
Compiling:  PhotoDiode.v
Program  :   vlogfe
Options  :    -yv2 -q10 -ygs -o2 -v3 -.fftcfgtype=LE -ya -.fftprj=E:\Genotyper-Firmware\docs\sample_projects\psoc\samples\PhotoDiode.cydsn\PhotoDiode.cyprj -dcpsoc3 -verilog PhotoDiode.v
======================================================================

vlogfe V6.3 IR 41:  Verilog parser
Wed Dec 15 18:00:46 2021


======================================================================
Compiling:  PhotoDiode.v
Program  :   vpp
Options  :    -yv2 -q10 PhotoDiode.v
======================================================================

vpp V6.3 IR 41:  Verilog Pre-Processor
Wed Dec 15 18:00:46 2021

Flattening file 'C:\Program Files (x86)\Cypress\PSoC Creator\4.4\PSoC Creator\psoc\content\CyPrimitives\cyprimitives.cylib\cy_analog_virtualmux_v1_0\cy_analog_virtualmux_v1_0.v'
Flattening file 'C:\Program Files (x86)\Cypress\PSoC Creator\4.4\PSoC Creator\psoc\content\CyPrimitives\cyprimitives.cylib\cy_virtualmux_v1_0\cy_virtualmux_v1_0.v'
Flattening file 'C:\Program Files (x86)\Cypress\PSoC Creator\4.4\PSoC Creator\psoc\content\CyPrimitives\cyprimitives.cylib\ZeroTerminal\ZeroTerminal.v'
Flattening file 'C:\Program Files (x86)\Cypress\PSoC Creator\4.4\PSoC Creator\psoc\content\CyPrimitives\cyprimitives.cylib\or_v1_0\or_v1_0.v'
Flattening file 'C:\Program Files (x86)\Cypress\PSoC Creator\4.4\PSoC Creator\psoc\content\CyComponentLibrary\CyComponentLibrary.cylib\B_PWM_v3_30\B_PWM_v3_30.v'
Flattening file 'C:\Program Files (x86)\Cypress\PSoC Creator\4.4\PSoC Creator\warp\lib\common\cypress.v'
Flattening file 'C:\Program Files (x86)\Cypress\PSoC Creator\4.4\PSoC Creator\warp\lib\common\cy_psoc3_inc.v'
Flattening file 'C:\Program Files (x86)\Cypress\PSoC Creator\4.4\PSoC Creator\psoc\content\CyPrimitives\cyprimitives.cylib\OneTerminal\OneTerminal.v'

vpp:  No errors.

Library 'work' => directory 'lcpsoc3'
General_symbol_table
General_symbol_table
Linking 'C:\Program Files (x86)\Cypress\PSoC Creator\4.4\PSoC Creator\warp\lib\common\std.vhd'.
Linking 'C:\Program Files (x86)\Cypress\PSoC Creator\4.4\PSoC Creator\warp\lib\common\cypress.vhd'.
Linking 'C:\Program Files (x86)\Cypress\PSoC Creator\4.4\PSoC Creator\warp\lib\common\work\cypress.vif'.
Linking 'C:\Program Files (x86)\Cypress\PSoC Creator\4.4\PSoC Creator\warp\lib\ieee\work\stdlogic.vif'.
Linking 'C:\Program Files (x86)\Cypress\PSoC Creator\4.4\PSoC Creator\warp\lib\common\stdlogic\lpmpkg.vif'.
Linking 'C:\Program Files (x86)\Cypress\PSoC Creator\4.4\PSoC Creator\warp\lib\common\stdlogic\rtlpkg.vif'.
Linking 'C:\Program Files (x86)\Cypress\PSoC Creator\4.4\PSoC Creator\warp\lib\common\stdlogic\mod_cnst.vif'.
Linking 'C:\Program Files (x86)\Cypress\PSoC Creator\4.4\PSoC Creator\warp\lib\common\stdlogic\mod_mthv.vif'.
Linking 'C:\Program Files (x86)\Cypress\PSoC Creator\4.4\PSoC Creator\warp\lib\common\stdlogic\mod_genv.vif'.
Using control file 'PhotoDiode.ctl'.
C:\Program Files (x86)\Cypress\PSoC Creator\4.4\PSoC Creator\psoc\content\CyComponentLibrary\CyComponentLibrary.cylib\B_PWM_v3_30\B_PWM_v3_30.v (line 947, col 46):  Note: Substituting module 'sub_vi_vv' for '-'.
C:\Program Files (x86)\Cypress\PSoC Creator\4.4\PSoC Creator\psoc\content\CyComponentLibrary\CyComponentLibrary.cylib\B_PWM_v3_30\B_PWM_v3_30.v (line 977, col 46):  Note: Substituting module 'add_vi_vv' for '+'.
Linking 'C:\Program Files (x86)\Cypress\PSoC Creator\4.4\PSoC Creator\warp\lib\common\stdlogic\cy_psoc3pkg.vif'.
Linking 'C:\Program Files (x86)\Cypress\PSoC Creator\4.4\PSoC Creator\warp\lib\common\stdlogic\cy_psoc3.vif'.

vlogfe:  No errors.


======================================================================
Compiling:  PhotoDiode.v
Program  :   tovif
Options  :    -yv2 -q10 -ygs -o2 -v3 -.fftcfgtype=LE -ya -.fftprj=E:\Genotyper-Firmware\docs\sample_projects\psoc\samples\PhotoDiode.cydsn\PhotoDiode.cyprj -dcpsoc3 -verilog PhotoDiode.v
======================================================================

tovif V6.3 IR 41:  High-level synthesis
Wed Dec 15 18:00:46 2021

Linking 'C:\Program Files (x86)\Cypress\PSoC Creator\4.4\PSoC Creator\warp\lib\common\std.vhd'.
Linking 'C:\Program Files (x86)\Cypress\PSoC Creator\4.4\PSoC Creator\warp\lib\common\cypress.vhd'.
Linking 'C:\Program Files (x86)\Cypress\PSoC Creator\4.4\PSoC Creator\warp\lib\common\work\cypress.vif'.
Linking 'C:\Program Files (x86)\Cypress\PSoC Creator\4.4\PSoC Creator\warp\lib\ieee\work\stdlogic.vif'.
Linking 'C:\Program Files (x86)\Cypress\PSoC Creator\4.4\PSoC Creator\warp\lib\common\stdlogic\lpmpkg.vif'.
Linking 'C:\Program Files (x86)\Cypress\PSoC Creator\4.4\PSoC Creator\warp\lib\common\stdlogic\rtlpkg.vif'.
Linking 'C:\Program Files (x86)\Cypress\PSoC Creator\4.4\PSoC Creator\warp\lib\common\stdlogic\mod_cnst.vif'.
Linking 'C:\Program Files (x86)\Cypress\PSoC Creator\4.4\PSoC Creator\warp\lib\common\stdlogic\mod_mthv.vif'.
Linking 'C:\Program Files (x86)\Cypress\PSoC Creator\4.4\PSoC Creator\warp\lib\common\stdlogic\mod_genv.vif'.
Linking 'E:\Genotyper-Firmware\docs\sample_projects\psoc\samples\PhotoDiode.cydsn\codegentemp\PhotoDiode.ctl'.
Linking 'C:\Program Files (x86)\Cypress\PSoC Creator\4.4\PSoC Creator\psoc\content\CyPrimitives\cyprimitives.cylib\cy_analog_virtualmux_v1_0\cy_analog_virtualmux_v1_0.v'.
Linking 'E:\Genotyper-Firmware\docs\sample_projects\psoc\samples\PhotoDiode.cydsn\codegentemp\PhotoDiode.v'.
Linking 'C:\Program Files (x86)\Cypress\PSoC Creator\4.4\PSoC Creator\psoc\content\CyPrimitives\cyprimitives.cylib\cy_virtualmux_v1_0\cy_virtualmux_v1_0.v'.
Linking 'C:\Program Files (x86)\Cypress\PSoC Creator\4.4\PSoC Creator\psoc\content\CyPrimitives\cyprimitives.cylib\ZeroTerminal\ZeroTerminal.v'.
Linking 'C:\Program Files (x86)\Cypress\PSoC Creator\4.4\PSoC Creator\psoc\content\CyPrimitives\cyprimitives.cylib\or_v1_0\or_v1_0.v'.
Linking 'C:\Program Files (x86)\Cypress\PSoC Creator\4.4\PSoC Creator\psoc\content\CyComponentLibrary\CyComponentLibrary.cylib\B_PWM_v3_30\B_PWM_v3_30.v'.
Linking 'C:\Program Files (x86)\Cypress\PSoC Creator\4.4\PSoC Creator\warp\lib\common\cypress.v'.
Linking 'C:\Program Files (x86)\Cypress\PSoC Creator\4.4\PSoC Creator\warp\lib\common\cy_psoc3_inc.v'.
Linking 'C:\Program Files (x86)\Cypress\PSoC Creator\4.4\PSoC Creator\psoc\content\CyPrimitives\cyprimitives.cylib\OneTerminal\OneTerminal.v'.
Linking 'C:\Program Files (x86)\Cypress\PSoC Creator\4.4\PSoC Creator\warp\lib\common\stdlogic\cy_psoc3pkg.vif'.
Linking 'C:\Program Files (x86)\Cypress\PSoC Creator\4.4\PSoC Creator\warp\lib\common\stdlogic\cy_psoc3.vif'.
Linking 'C:\Program Files (x86)\Cypress\PSoC Creator\4.4\PSoC Creator\warp\lib\lcpsoc3\stdlogic\mod_cnst.vif'.

tovif:  No errors.


======================================================================
Compiling:  PhotoDiode.v
Program  :   topld
Options  :    -yv2 -q10 -ygs -o2 -v3 -.fftcfgtype=LE -ya -.fftprj=E:\Genotyper-Firmware\docs\sample_projects\psoc\samples\PhotoDiode.cydsn\PhotoDiode.cyprj -dcpsoc3 -verilog PhotoDiode.v
======================================================================

topld V6.3 IR 41:  Synthesis and optimization
Wed Dec 15 18:00:47 2021

Linking 'C:\Program Files (x86)\Cypress\PSoC Creator\4.4\PSoC Creator\warp\lib\common\std.vhd'.
Linking 'C:\Program Files (x86)\Cypress\PSoC Creator\4.4\PSoC Creator\warp\lib\common\cypress.vhd'.
Linking 'C:\Program Files (x86)\Cypress\PSoC Creator\4.4\PSoC Creator\warp\lib\common\work\cypress.vif'.
Linking 'C:\Program Files (x86)\Cypress\PSoC Creator\4.4\PSoC Creator\warp\lib\ieee\work\stdlogic.vif'.
Linking 'C:\Program Files (x86)\Cypress\PSoC Creator\4.4\PSoC Creator\warp\lib\common\stdlogic\lpmpkg.vif'.
Linking 'C:\Program Files (x86)\Cypress\PSoC Creator\4.4\PSoC Creator\warp\lib\common\stdlogic\rtlpkg.vif'.
Linking 'C:\Program Files (x86)\Cypress\PSoC Creator\4.4\PSoC Creator\warp\lib\common\stdlogic\mod_cnst.vif'.
Linking 'C:\Program Files (x86)\Cypress\PSoC Creator\4.4\PSoC Creator\warp\lib\common\stdlogic\mod_mthv.vif'.
Linking 'C:\Program Files (x86)\Cypress\PSoC Creator\4.4\PSoC Creator\warp\lib\common\stdlogic\mod_genv.vif'.
Linking 'E:\Genotyper-Firmware\docs\sample_projects\psoc\samples\PhotoDiode.cydsn\codegentemp\PhotoDiode.ctl'.
Linking 'C:\Program Files (x86)\Cypress\PSoC Creator\4.4\PSoC Creator\psoc\content\CyPrimitives\cyprimitives.cylib\cy_analog_virtualmux_v1_0\cy_analog_virtualmux_v1_0.v'.
Linking 'E:\Genotyper-Firmware\docs\sample_projects\psoc\samples\PhotoDiode.cydsn\codegentemp\PhotoDiode.v'.
Linking 'C:\Program Files (x86)\Cypress\PSoC Creator\4.4\PSoC Creator\psoc\content\CyPrimitives\cyprimitives.cylib\cy_virtualmux_v1_0\cy_virtualmux_v1_0.v'.
Linking 'C:\Program Files (x86)\Cypress\PSoC Creator\4.4\PSoC Creator\psoc\content\CyPrimitives\cyprimitives.cylib\ZeroTerminal\ZeroTerminal.v'.
Linking 'C:\Program Files (x86)\Cypress\PSoC Creator\4.4\PSoC Creator\psoc\content\CyPrimitives\cyprimitives.cylib\or_v1_0\or_v1_0.v'.
Linking 'C:\Program Files (x86)\Cypress\PSoC Creator\4.4\PSoC Creator\psoc\content\CyComponentLibrary\CyComponentLibrary.cylib\B_PWM_v3_30\B_PWM_v3_30.v'.
Linking 'C:\Program Files (x86)\Cypress\PSoC Creator\4.4\PSoC Creator\warp\lib\common\cypress.v'.
Linking 'C:\Program Files (x86)\Cypress\PSoC Creator\4.4\PSoC Creator\warp\lib\common\cy_psoc3_inc.v'.
Linking 'C:\Program Files (x86)\Cypress\PSoC Creator\4.4\PSoC Creator\psoc\content\CyPrimitives\cyprimitives.cylib\OneTerminal\OneTerminal.v'.
Linking 'C:\Program Files (x86)\Cypress\PSoC Creator\4.4\PSoC Creator\warp\lib\common\stdlogic\cy_psoc3pkg.vif'.
Linking 'C:\Program Files (x86)\Cypress\PSoC Creator\4.4\PSoC Creator\warp\lib\common\stdlogic\cy_psoc3.vif'.
Linking 'C:\Program Files (x86)\Cypress\PSoC Creator\4.4\PSoC Creator\warp\lib\lcpsoc3\stdlogic\mod_cnst.vif'.
Linking 'C:\Program Files (x86)\Cypress\PSoC Creator\4.4\PSoC Creator\warp\lib\lcpsoc3\stdlogic\cpsoc3.vif'.

----------------------------------------------------------
Detecting unused logic.
----------------------------------------------------------
    User names
	\ADC:Net_268\
	\ADC:Net_270\
	\PWM:PWMUDB:km_run\
	\PWM:PWMUDB:ctrl_cmpmode2_2\
	\PWM:PWMUDB:ctrl_cmpmode2_1\
	\PWM:PWMUDB:ctrl_cmpmode2_0\
	\PWM:PWMUDB:ctrl_cmpmode1_2\
	\PWM:PWMUDB:ctrl_cmpmode1_1\
	\PWM:PWMUDB:ctrl_cmpmode1_0\
	\PWM:PWMUDB:capt_rising\
	\PWM:PWMUDB:capt_falling\
	\PWM:PWMUDB:trig_rise\
	\PWM:PWMUDB:trig_fall\
	\PWM:PWMUDB:sc_kill\
	\PWM:PWMUDB:min_kill\
	\PWM:PWMUDB:km_tc\
	\PWM:PWMUDB:db_tc\
	\PWM:PWMUDB:dith_sel\
	\PWM:PWMUDB:compare2\
	\PWM:Net_101\
	Net_81
	Net_82
	\PWM:PWMUDB:MODULE_1:b_31\
	\PWM:PWMUDB:MODULE_1:b_30\
	\PWM:PWMUDB:MODULE_1:b_29\
	\PWM:PWMUDB:MODULE_1:b_28\
	\PWM:PWMUDB:MODULE_1:b_27\
	\PWM:PWMUDB:MODULE_1:b_26\
	\PWM:PWMUDB:MODULE_1:b_25\
	\PWM:PWMUDB:MODULE_1:b_24\
	\PWM:PWMUDB:MODULE_1:b_23\
	\PWM:PWMUDB:MODULE_1:b_22\
	\PWM:PWMUDB:MODULE_1:b_21\
	\PWM:PWMUDB:MODULE_1:b_20\
	\PWM:PWMUDB:MODULE_1:b_19\
	\PWM:PWMUDB:MODULE_1:b_18\
	\PWM:PWMUDB:MODULE_1:b_17\
	\PWM:PWMUDB:MODULE_1:b_16\
	\PWM:PWMUDB:MODULE_1:b_15\
	\PWM:PWMUDB:MODULE_1:b_14\
	\PWM:PWMUDB:MODULE_1:b_13\
	\PWM:PWMUDB:MODULE_1:b_12\
	\PWM:PWMUDB:MODULE_1:b_11\
	\PWM:PWMUDB:MODULE_1:b_10\
	\PWM:PWMUDB:MODULE_1:b_9\
	\PWM:PWMUDB:MODULE_1:b_8\
	\PWM:PWMUDB:MODULE_1:b_7\
	\PWM:PWMUDB:MODULE_1:b_6\
	\PWM:PWMUDB:MODULE_1:b_5\
	\PWM:PWMUDB:MODULE_1:b_4\
	\PWM:PWMUDB:MODULE_1:b_3\
	\PWM:PWMUDB:MODULE_1:b_2\
	\PWM:PWMUDB:MODULE_1:b_1\
	\PWM:PWMUDB:MODULE_1:b_0\
	\PWM:PWMUDB:MODULE_1:g2:a0:a_31\
	\PWM:PWMUDB:MODULE_1:g2:a0:a_30\
	\PWM:PWMUDB:MODULE_1:g2:a0:a_29\
	\PWM:PWMUDB:MODULE_1:g2:a0:a_28\
	\PWM:PWMUDB:MODULE_1:g2:a0:a_27\
	\PWM:PWMUDB:MODULE_1:g2:a0:a_26\
	\PWM:PWMUDB:MODULE_1:g2:a0:a_25\
	\PWM:PWMUDB:MODULE_1:g2:a0:a_24\
	\PWM:PWMUDB:MODULE_1:g2:a0:b_31\
	\PWM:PWMUDB:MODULE_1:g2:a0:b_30\
	\PWM:PWMUDB:MODULE_1:g2:a0:b_29\
	\PWM:PWMUDB:MODULE_1:g2:a0:b_28\
	\PWM:PWMUDB:MODULE_1:g2:a0:b_27\
	\PWM:PWMUDB:MODULE_1:g2:a0:b_26\
	\PWM:PWMUDB:MODULE_1:g2:a0:b_25\
	\PWM:PWMUDB:MODULE_1:g2:a0:b_24\
	\PWM:PWMUDB:MODULE_1:g2:a0:b_23\
	\PWM:PWMUDB:MODULE_1:g2:a0:b_22\
	\PWM:PWMUDB:MODULE_1:g2:a0:b_21\
	\PWM:PWMUDB:MODULE_1:g2:a0:b_20\
	\PWM:PWMUDB:MODULE_1:g2:a0:b_19\
	\PWM:PWMUDB:MODULE_1:g2:a0:b_18\
	\PWM:PWMUDB:MODULE_1:g2:a0:b_17\
	\PWM:PWMUDB:MODULE_1:g2:a0:b_16\
	\PWM:PWMUDB:MODULE_1:g2:a0:b_15\
	\PWM:PWMUDB:MODULE_1:g2:a0:b_14\
	\PWM:PWMUDB:MODULE_1:g2:a0:b_13\
	\PWM:PWMUDB:MODULE_1:g2:a0:b_12\
	\PWM:PWMUDB:MODULE_1:g2:a0:b_11\
	\PWM:PWMUDB:MODULE_1:g2:a0:b_10\
	\PWM:PWMUDB:MODULE_1:g2:a0:b_9\
	\PWM:PWMUDB:MODULE_1:g2:a0:b_8\
	\PWM:PWMUDB:MODULE_1:g2:a0:b_7\
	\PWM:PWMUDB:MODULE_1:g2:a0:b_6\
	\PWM:PWMUDB:MODULE_1:g2:a0:b_5\
	\PWM:PWMUDB:MODULE_1:g2:a0:b_4\
	\PWM:PWMUDB:MODULE_1:g2:a0:b_3\
	\PWM:PWMUDB:MODULE_1:g2:a0:b_2\
	\PWM:PWMUDB:MODULE_1:g2:a0:b_1\
	\PWM:PWMUDB:MODULE_1:g2:a0:b_0\
	\PWM:PWMUDB:MODULE_1:g2:a0:s_31\
	\PWM:PWMUDB:MODULE_1:g2:a0:s_30\
	\PWM:PWMUDB:MODULE_1:g2:a0:s_29\
	\PWM:PWMUDB:MODULE_1:g2:a0:s_28\
	\PWM:PWMUDB:MODULE_1:g2:a0:s_27\
	\PWM:PWMUDB:MODULE_1:g2:a0:s_26\
	\PWM:PWMUDB:MODULE_1:g2:a0:s_25\
	\PWM:PWMUDB:MODULE_1:g2:a0:s_24\
	\PWM:PWMUDB:MODULE_1:g2:a0:s_23\
	\PWM:PWMUDB:MODULE_1:g2:a0:s_22\
	\PWM:PWMUDB:MODULE_1:g2:a0:s_21\
	\PWM:PWMUDB:MODULE_1:g2:a0:s_20\
	\PWM:PWMUDB:MODULE_1:g2:a0:s_19\
	\PWM:PWMUDB:MODULE_1:g2:a0:s_18\
	\PWM:PWMUDB:MODULE_1:g2:a0:s_17\
	\PWM:PWMUDB:MODULE_1:g2:a0:s_16\
	\PWM:PWMUDB:MODULE_1:g2:a0:s_15\
	\PWM:PWMUDB:MODULE_1:g2:a0:s_14\
	\PWM:PWMUDB:MODULE_1:g2:a0:s_13\
	\PWM:PWMUDB:MODULE_1:g2:a0:s_12\
	\PWM:PWMUDB:MODULE_1:g2:a0:s_11\
	\PWM:PWMUDB:MODULE_1:g2:a0:s_10\
	\PWM:PWMUDB:MODULE_1:g2:a0:s_9\
	\PWM:PWMUDB:MODULE_1:g2:a0:s_8\
	\PWM:PWMUDB:MODULE_1:g2:a0:s_7\
	\PWM:PWMUDB:MODULE_1:g2:a0:s_6\
	\PWM:PWMUDB:MODULE_1:g2:a0:s_5\
	\PWM:PWMUDB:MODULE_1:g2:a0:s_4\
	\PWM:PWMUDB:MODULE_1:g2:a0:s_3\
	\PWM:PWMUDB:MODULE_1:g2:a0:s_2\
	\PWM:PWMUDB:MODULE_1:g2:a0:g1:z1:s0:g1:u0:c_31\
	\PWM:PWMUDB:MODULE_1:g2:a0:g1:z1:s0:g1:u0:c_30\
	\PWM:PWMUDB:MODULE_1:g2:a0:g1:z1:s0:g1:u0:c_29\
	\PWM:PWMUDB:MODULE_1:g2:a0:g1:z1:s0:g1:u0:c_28\
	\PWM:PWMUDB:MODULE_1:g2:a0:g1:z1:s0:g1:u0:c_27\
	\PWM:PWMUDB:MODULE_1:g2:a0:g1:z1:s0:g1:u0:c_26\
	\PWM:PWMUDB:MODULE_1:g2:a0:g1:z1:s0:g1:u0:c_25\
	Net_76
	Net_84
	\PWM:Net_113\
	\PWM:Net_107\
	\PWM:Net_114\

    Synthesized names
	\PWM:PWMUDB:add_vi_vv_MODGEN_1_31\
	\PWM:PWMUDB:add_vi_vv_MODGEN_1_30\
	\PWM:PWMUDB:add_vi_vv_MODGEN_1_29\
	\PWM:PWMUDB:add_vi_vv_MODGEN_1_28\
	\PWM:PWMUDB:add_vi_vv_MODGEN_1_27\
	\PWM:PWMUDB:add_vi_vv_MODGEN_1_26\
	\PWM:PWMUDB:add_vi_vv_MODGEN_1_25\
	\PWM:PWMUDB:add_vi_vv_MODGEN_1_24\
	\PWM:PWMUDB:add_vi_vv_MODGEN_1_23\
	\PWM:PWMUDB:add_vi_vv_MODGEN_1_22\
	\PWM:PWMUDB:add_vi_vv_MODGEN_1_21\
	\PWM:PWMUDB:add_vi_vv_MODGEN_1_20\
	\PWM:PWMUDB:add_vi_vv_MODGEN_1_19\
	\PWM:PWMUDB:add_vi_vv_MODGEN_1_18\
	\PWM:PWMUDB:add_vi_vv_MODGEN_1_17\
	\PWM:PWMUDB:add_vi_vv_MODGEN_1_16\
	\PWM:PWMUDB:add_vi_vv_MODGEN_1_15\
	\PWM:PWMUDB:add_vi_vv_MODGEN_1_14\
	\PWM:PWMUDB:add_vi_vv_MODGEN_1_13\
	\PWM:PWMUDB:add_vi_vv_MODGEN_1_12\
	\PWM:PWMUDB:add_vi_vv_MODGEN_1_11\
	\PWM:PWMUDB:add_vi_vv_MODGEN_1_10\
	\PWM:PWMUDB:add_vi_vv_MODGEN_1_9\
	\PWM:PWMUDB:add_vi_vv_MODGEN_1_8\
	\PWM:PWMUDB:add_vi_vv_MODGEN_1_7\
	\PWM:PWMUDB:add_vi_vv_MODGEN_1_6\
	\PWM:PWMUDB:add_vi_vv_MODGEN_1_5\
	\PWM:PWMUDB:add_vi_vv_MODGEN_1_4\
	\PWM:PWMUDB:add_vi_vv_MODGEN_1_3\
	\PWM:PWMUDB:add_vi_vv_MODGEN_1_2\

Deleted 136 User equations/components.
Deleted 30 Synthesized equations/components.

------------------------------------------------------
Alias Detection
------------------------------------------------------
Aliasing one to tmpOE__OutPut_pin_net_0
Aliasing tmpOE__PhotoDiode_cathode_net_0 to tmpOE__OutPut_pin_net_0
Aliasing tmpOE__PhotoDiode_Anode_net_0 to tmpOE__OutPut_pin_net_0
Aliasing \ADC:Net_482\ to zero
Aliasing \ADC:Net_252\ to zero
Aliasing \ADC:soc\ to tmpOE__OutPut_pin_net_0
Aliasing \PWM:PWMUDB:hwCapture\ to zero
Aliasing \PWM:PWMUDB:trig_out\ to tmpOE__OutPut_pin_net_0
Aliasing \PWM:PWMUDB:runmode_enable\\R\ to zero
Aliasing \PWM:PWMUDB:runmode_enable\\S\ to zero
Aliasing \PWM:PWMUDB:ltch_kill_reg\\R\ to zero
Aliasing \PWM:PWMUDB:ltch_kill_reg\\S\ to zero
Aliasing \PWM:PWMUDB:min_kill_reg\\R\ to zero
Aliasing \PWM:PWMUDB:min_kill_reg\\S\ to zero
Aliasing \PWM:PWMUDB:final_kill\ to tmpOE__OutPut_pin_net_0
Aliasing \PWM:PWMUDB:dith_count_1\\R\ to zero
Aliasing \PWM:PWMUDB:dith_count_1\\S\ to zero
Aliasing \PWM:PWMUDB:dith_count_0\\R\ to zero
Aliasing \PWM:PWMUDB:dith_count_0\\S\ to zero
Aliasing \PWM:PWMUDB:reset\ to zero
Aliasing \PWM:PWMUDB:status_6\ to zero
Aliasing \PWM:PWMUDB:status_4\ to zero
Aliasing \PWM:PWMUDB:cmp2\ to zero
Aliasing \PWM:PWMUDB:cmp1_status_reg\\R\ to zero
Aliasing \PWM:PWMUDB:cmp1_status_reg\\S\ to zero
Aliasing \PWM:PWMUDB:cmp2_status_reg\\R\ to zero
Aliasing \PWM:PWMUDB:cmp2_status_reg\\S\ to zero
Aliasing \PWM:PWMUDB:final_kill_reg\\R\ to zero
Aliasing \PWM:PWMUDB:final_kill_reg\\S\ to zero
Aliasing \PWM:PWMUDB:cs_addr_0\ to zero
Aliasing \PWM:PWMUDB:pwm1_i\ to zero
Aliasing \PWM:PWMUDB:pwm2_i\ to zero
Aliasing \PWM:PWMUDB:MODULE_1:g2:a0:a_23\ to zero
Aliasing \PWM:PWMUDB:MODULE_1:g2:a0:a_22\ to zero
Aliasing \PWM:PWMUDB:MODULE_1:g2:a0:a_21\ to zero
Aliasing \PWM:PWMUDB:MODULE_1:g2:a0:a_20\ to zero
Aliasing \PWM:PWMUDB:MODULE_1:g2:a0:a_19\ to zero
Aliasing \PWM:PWMUDB:MODULE_1:g2:a0:a_18\ to zero
Aliasing \PWM:PWMUDB:MODULE_1:g2:a0:a_17\ to zero
Aliasing \PWM:PWMUDB:MODULE_1:g2:a0:a_16\ to zero
Aliasing \PWM:PWMUDB:MODULE_1:g2:a0:a_15\ to zero
Aliasing \PWM:PWMUDB:MODULE_1:g2:a0:a_14\ to zero
Aliasing \PWM:PWMUDB:MODULE_1:g2:a0:a_13\ to zero
Aliasing \PWM:PWMUDB:MODULE_1:g2:a0:a_12\ to zero
Aliasing \PWM:PWMUDB:MODULE_1:g2:a0:a_11\ to zero
Aliasing \PWM:PWMUDB:MODULE_1:g2:a0:a_10\ to zero
Aliasing \PWM:PWMUDB:MODULE_1:g2:a0:a_9\ to zero
Aliasing \PWM:PWMUDB:MODULE_1:g2:a0:a_8\ to zero
Aliasing \PWM:PWMUDB:MODULE_1:g2:a0:a_7\ to zero
Aliasing \PWM:PWMUDB:MODULE_1:g2:a0:a_6\ to zero
Aliasing \PWM:PWMUDB:MODULE_1:g2:a0:a_5\ to zero
Aliasing \PWM:PWMUDB:MODULE_1:g2:a0:a_4\ to zero
Aliasing \PWM:PWMUDB:MODULE_1:g2:a0:a_3\ to zero
Aliasing \PWM:PWMUDB:MODULE_1:g2:a0:a_2\ to zero
Aliasing \PWM:PWMUDB:MODULE_1:g2:a0:g1:z1:s0:g1:u0:b_0\ to tmpOE__OutPut_pin_net_0
Aliasing \PWM:PWMUDB:min_kill_reg\\D\ to tmpOE__OutPut_pin_net_0
Aliasing \PWM:PWMUDB:prevCapture\\D\ to zero
Aliasing \PWM:PWMUDB:trig_last\\D\ to zero
Aliasing \PWM:PWMUDB:ltch_kill_reg\\D\ to tmpOE__OutPut_pin_net_0
Aliasing \PWM:PWMUDB:prevCompare1\\D\ to \PWM:PWMUDB:pwm_temp\
Aliasing \PWM:PWMUDB:tc_i_reg\\D\ to \PWM:PWMUDB:status_2\
Removing Rhs of wire Net_80[2] = \PWM:Net_96\[246]
Removing Rhs of wire Net_80[2] = \PWM:PWMUDB:pwm_i_reg\[238]
Removing Lhs of wire one[7] = tmpOE__OutPut_pin_net_0[1]
Removing Lhs of wire tmpOE__PhotoDiode_cathode_net_0[10] = tmpOE__OutPut_pin_net_0[1]
Removing Lhs of wire tmpOE__PhotoDiode_Anode_net_0[17] = tmpOE__OutPut_pin_net_0[1]
Removing Rhs of wire \ADC:Net_488\[31] = \ADC:Net_250\[66]
Removing Lhs of wire \ADC:Net_481\[33] = zero[6]
Removing Lhs of wire \ADC:Net_482\[34] = zero[6]
Removing Lhs of wire \ADC:Net_252\[68] = zero[6]
Removing Lhs of wire \ADC:soc\[70] = tmpOE__OutPut_pin_net_0[1]
Removing Lhs of wire \PWM:PWMUDB:ctrl_enable\[87] = \PWM:PWMUDB:control_7\[79]
Removing Lhs of wire \PWM:PWMUDB:hwCapture\[97] = zero[6]
Removing Lhs of wire \PWM:PWMUDB:hwEnable\[98] = \PWM:PWMUDB:control_7\[79]
Removing Lhs of wire \PWM:PWMUDB:trig_out\[102] = tmpOE__OutPut_pin_net_0[1]
Removing Lhs of wire \PWM:PWMUDB:runmode_enable\\R\[104] = zero[6]
Removing Lhs of wire \PWM:PWMUDB:runmode_enable\\S\[105] = zero[6]
Removing Lhs of wire \PWM:PWMUDB:final_enable\[106] = \PWM:PWMUDB:runmode_enable\[103]
Removing Lhs of wire \PWM:PWMUDB:ltch_kill_reg\\R\[110] = zero[6]
Removing Lhs of wire \PWM:PWMUDB:ltch_kill_reg\\S\[111] = zero[6]
Removing Lhs of wire \PWM:PWMUDB:min_kill_reg\\R\[112] = zero[6]
Removing Lhs of wire \PWM:PWMUDB:min_kill_reg\\S\[113] = zero[6]
Removing Lhs of wire \PWM:PWMUDB:final_kill\[116] = tmpOE__OutPut_pin_net_0[1]
Removing Lhs of wire \PWM:PWMUDB:add_vi_vv_MODGEN_1_1\[120] = \PWM:PWMUDB:MODULE_1:g2:a0:s_1\[408]
Removing Lhs of wire \PWM:PWMUDB:add_vi_vv_MODGEN_1_0\[122] = \PWM:PWMUDB:MODULE_1:g2:a0:s_0\[409]
Removing Lhs of wire \PWM:PWMUDB:dith_count_1\\R\[123] = zero[6]
Removing Lhs of wire \PWM:PWMUDB:dith_count_1\\S\[124] = zero[6]
Removing Lhs of wire \PWM:PWMUDB:dith_count_0\\R\[125] = zero[6]
Removing Lhs of wire \PWM:PWMUDB:dith_count_0\\S\[126] = zero[6]
Removing Lhs of wire \PWM:PWMUDB:reset\[129] = zero[6]
Removing Lhs of wire \PWM:PWMUDB:status_6\[130] = zero[6]
Removing Rhs of wire \PWM:PWMUDB:status_5\[131] = \PWM:PWMUDB:final_kill_reg\[145]
Removing Lhs of wire \PWM:PWMUDB:status_4\[132] = zero[6]
Removing Rhs of wire \PWM:PWMUDB:status_3\[133] = \PWM:PWMUDB:fifo_full\[152]
Removing Rhs of wire \PWM:PWMUDB:status_1\[135] = \PWM:PWMUDB:cmp2_status_reg\[144]
Removing Rhs of wire \PWM:PWMUDB:status_0\[136] = \PWM:PWMUDB:cmp1_status_reg\[143]
Removing Lhs of wire \PWM:PWMUDB:cmp2_status\[141] = zero[6]
Removing Lhs of wire \PWM:PWMUDB:cmp2\[142] = zero[6]
Removing Lhs of wire \PWM:PWMUDB:cmp1_status_reg\\R\[146] = zero[6]
Removing Lhs of wire \PWM:PWMUDB:cmp1_status_reg\\S\[147] = zero[6]
Removing Lhs of wire \PWM:PWMUDB:cmp2_status_reg\\R\[148] = zero[6]
Removing Lhs of wire \PWM:PWMUDB:cmp2_status_reg\\S\[149] = zero[6]
Removing Lhs of wire \PWM:PWMUDB:final_kill_reg\\R\[150] = zero[6]
Removing Lhs of wire \PWM:PWMUDB:final_kill_reg\\S\[151] = zero[6]
Removing Lhs of wire \PWM:PWMUDB:cs_addr_2\[153] = \PWM:PWMUDB:tc_i\[108]
Removing Lhs of wire \PWM:PWMUDB:cs_addr_1\[154] = \PWM:PWMUDB:runmode_enable\[103]
Removing Lhs of wire \PWM:PWMUDB:cs_addr_0\[155] = zero[6]
Removing Lhs of wire \PWM:PWMUDB:compare1\[236] = \PWM:PWMUDB:cmp1_less\[207]
Removing Lhs of wire \PWM:PWMUDB:pwm1_i\[241] = zero[6]
Removing Lhs of wire \PWM:PWMUDB:pwm2_i\[243] = zero[6]
Removing Lhs of wire \PWM:PWMUDB:pwm_temp\[249] = \PWM:PWMUDB:cmp1\[139]
Removing Lhs of wire \PWM:PWMUDB:MODULE_1:g2:a0:a_23\[290] = zero[6]
Removing Lhs of wire \PWM:PWMUDB:MODULE_1:g2:a0:a_22\[291] = zero[6]
Removing Lhs of wire \PWM:PWMUDB:MODULE_1:g2:a0:a_21\[292] = zero[6]
Removing Lhs of wire \PWM:PWMUDB:MODULE_1:g2:a0:a_20\[293] = zero[6]
Removing Lhs of wire \PWM:PWMUDB:MODULE_1:g2:a0:a_19\[294] = zero[6]
Removing Lhs of wire \PWM:PWMUDB:MODULE_1:g2:a0:a_18\[295] = zero[6]
Removing Lhs of wire \PWM:PWMUDB:MODULE_1:g2:a0:a_17\[296] = zero[6]
Removing Lhs of wire \PWM:PWMUDB:MODULE_1:g2:a0:a_16\[297] = zero[6]
Removing Lhs of wire \PWM:PWMUDB:MODULE_1:g2:a0:a_15\[298] = zero[6]
Removing Lhs of wire \PWM:PWMUDB:MODULE_1:g2:a0:a_14\[299] = zero[6]
Removing Lhs of wire \PWM:PWMUDB:MODULE_1:g2:a0:a_13\[300] = zero[6]
Removing Lhs of wire \PWM:PWMUDB:MODULE_1:g2:a0:a_12\[301] = zero[6]
Removing Lhs of wire \PWM:PWMUDB:MODULE_1:g2:a0:a_11\[302] = zero[6]
Removing Lhs of wire \PWM:PWMUDB:MODULE_1:g2:a0:a_10\[303] = zero[6]
Removing Lhs of wire \PWM:PWMUDB:MODULE_1:g2:a0:a_9\[304] = zero[6]
Removing Lhs of wire \PWM:PWMUDB:MODULE_1:g2:a0:a_8\[305] = zero[6]
Removing Lhs of wire \PWM:PWMUDB:MODULE_1:g2:a0:a_7\[306] = zero[6]
Removing Lhs of wire \PWM:PWMUDB:MODULE_1:g2:a0:a_6\[307] = zero[6]
Removing Lhs of wire \PWM:PWMUDB:MODULE_1:g2:a0:a_5\[308] = zero[6]
Removing Lhs of wire \PWM:PWMUDB:MODULE_1:g2:a0:a_4\[309] = zero[6]
Removing Lhs of wire \PWM:PWMUDB:MODULE_1:g2:a0:a_3\[310] = zero[6]
Removing Lhs of wire \PWM:PWMUDB:MODULE_1:g2:a0:a_2\[311] = zero[6]
Removing Lhs of wire \PWM:PWMUDB:MODULE_1:g2:a0:a_1\[312] = \PWM:PWMUDB:MODIN1_1\[313]
Removing Lhs of wire \PWM:PWMUDB:MODIN1_1\[313] = \PWM:PWMUDB:dith_count_1\[119]
Removing Lhs of wire \PWM:PWMUDB:MODULE_1:g2:a0:a_0\[314] = \PWM:PWMUDB:MODIN1_0\[315]
Removing Lhs of wire \PWM:PWMUDB:MODIN1_0\[315] = \PWM:PWMUDB:dith_count_0\[121]
Removing Lhs of wire \PWM:PWMUDB:MODULE_1:g2:a0:g1:z1:s0:g1:u0:c_0\[447] = tmpOE__OutPut_pin_net_0[1]
Removing Lhs of wire \PWM:PWMUDB:MODULE_1:g2:a0:g1:z1:s0:g1:u0:b_0\[448] = tmpOE__OutPut_pin_net_0[1]
Removing Lhs of wire \PWM:PWMUDB:min_kill_reg\\D\[455] = tmpOE__OutPut_pin_net_0[1]
Removing Lhs of wire \PWM:PWMUDB:prevCapture\\D\[456] = zero[6]
Removing Lhs of wire \PWM:PWMUDB:trig_last\\D\[457] = zero[6]
Removing Lhs of wire \PWM:PWMUDB:ltch_kill_reg\\D\[460] = tmpOE__OutPut_pin_net_0[1]
Removing Lhs of wire \PWM:PWMUDB:prevCompare1\\D\[463] = \PWM:PWMUDB:cmp1\[139]
Removing Lhs of wire \PWM:PWMUDB:cmp1_status_reg\\D\[464] = \PWM:PWMUDB:cmp1_status\[140]
Removing Lhs of wire \PWM:PWMUDB:cmp2_status_reg\\D\[465] = zero[6]
Removing Lhs of wire \PWM:PWMUDB:pwm_i_reg\\D\[467] = \PWM:PWMUDB:pwm_i\[239]
Removing Lhs of wire \PWM:PWMUDB:pwm1_i_reg\\D\[468] = zero[6]
Removing Lhs of wire \PWM:PWMUDB:pwm2_i_reg\\D\[469] = zero[6]
Removing Lhs of wire \PWM:PWMUDB:tc_i_reg\\D\[470] = \PWM:PWMUDB:status_2\[134]

------------------------------------------------------
Aliased 0 equations, 89 wires.
------------------------------------------------------

----------------------------------------------------------
Circuit simplification
----------------------------------------------------------

Substituting virtuals - pass 1:

Note:  Expanding virtual equation for 'tmpOE__OutPut_pin_net_0' (cost = 0):
tmpOE__OutPut_pin_net_0 <=  ('1') ;

Note:  Expanding virtual equation for 'zero' (cost = 0):
zero <=  ('0') ;

Note:  Expanding virtual equation for '\PWM:PWMUDB:cmp1\' (cost = 0):
\PWM:PWMUDB:cmp1\ <= (\PWM:PWMUDB:cmp1_less\);

Note:  Expanding virtual equation for '\PWM:PWMUDB:MODULE_1:g2:a0:g1:z1:s0:g1:u0:c_1\' (cost = 0):
\PWM:PWMUDB:MODULE_1:g2:a0:g1:z1:s0:g1:u0:c_1\ <= (\PWM:PWMUDB:dith_count_0\);

Note:  Expanding virtual equation for '\PWM:PWMUDB:MODULE_1:g2:a0:s_0\' (cost = 0):
\PWM:PWMUDB:MODULE_1:g2:a0:s_0\ <= (not \PWM:PWMUDB:dith_count_0\);

Note:  Expanding virtual equation for '\PWM:PWMUDB:MODULE_1:g2:a0:g1:z1:s0:g1:u0:c_17\' (cost = 0):
\PWM:PWMUDB:MODULE_1:g2:a0:g1:z1:s0:g1:u0:c_17\ <=  ('0') ;

Note:  Expanding virtual equation for '\PWM:PWMUDB:MODULE_1:g2:a0:g1:z1:s0:g1:u0:c_9\' (cost = 0):
\PWM:PWMUDB:MODULE_1:g2:a0:g1:z1:s0:g1:u0:c_9\ <=  ('0') ;

Note:  Expanding virtual equation for '\PWM:PWMUDB:MODULE_1:g2:a0:g1:z1:s0:g1:u0:c_2\' (cost = 0):
\PWM:PWMUDB:MODULE_1:g2:a0:g1:z1:s0:g1:u0:c_2\ <= ((\PWM:PWMUDB:dith_count_1\ and \PWM:PWMUDB:dith_count_0\));


Substituting virtuals - pass 2:

Note:  Expanding virtual equation for '\PWM:PWMUDB:MODULE_1:g2:a0:s_1\' (cost = 2):
\PWM:PWMUDB:MODULE_1:g2:a0:s_1\ <= ((not \PWM:PWMUDB:dith_count_0\ and \PWM:PWMUDB:dith_count_1\)
	OR (not \PWM:PWMUDB:dith_count_1\ and \PWM:PWMUDB:dith_count_0\));

Note:  Expanding virtual equation for '\PWM:PWMUDB:MODULE_1:g2:a0:g1:z1:s0:g1:u0:c_18\' (cost = 0):
\PWM:PWMUDB:MODULE_1:g2:a0:g1:z1:s0:g1:u0:c_18\ <=  ('0') ;

Note:  Expanding virtual equation for '\PWM:PWMUDB:MODULE_1:g2:a0:g1:z1:s0:g1:u0:c_10\' (cost = 0):
\PWM:PWMUDB:MODULE_1:g2:a0:g1:z1:s0:g1:u0:c_10\ <=  ('0') ;

Note:  Expanding virtual equation for '\PWM:PWMUDB:MODULE_1:g2:a0:g1:z1:s0:g1:u0:c_3\' (cost = 0):
\PWM:PWMUDB:MODULE_1:g2:a0:g1:z1:s0:g1:u0:c_3\ <=  ('0') ;


Substituting virtuals - pass 3:

Note:  Expanding virtual equation for '\PWM:PWMUDB:MODULE_1:g2:a0:g1:z1:s0:g1:u0:c_19\' (cost = 0):
\PWM:PWMUDB:MODULE_1:g2:a0:g1:z1:s0:g1:u0:c_19\ <=  ('0') ;

Note:  Expanding virtual equation for '\PWM:PWMUDB:MODULE_1:g2:a0:g1:z1:s0:g1:u0:c_11\' (cost = 0):
\PWM:PWMUDB:MODULE_1:g2:a0:g1:z1:s0:g1:u0:c_11\ <=  ('0') ;

Note:  Expanding virtual equation for '\PWM:PWMUDB:MODULE_1:g2:a0:g1:z1:s0:g1:u0:c_4\' (cost = 0):
\PWM:PWMUDB:MODULE_1:g2:a0:g1:z1:s0:g1:u0:c_4\ <=  ('0') ;


Substituting virtuals - pass 4:

Note:  Expanding virtual equation for '\PWM:PWMUDB:MODULE_1:g2:a0:g1:z1:s0:g1:u0:c_20\' (cost = 0):
\PWM:PWMUDB:MODULE_1:g2:a0:g1:z1:s0:g1:u0:c_20\ <=  ('0') ;

Note:  Expanding virtual equation for '\PWM:PWMUDB:MODULE_1:g2:a0:g1:z1:s0:g1:u0:c_12\' (cost = 0):
\PWM:PWMUDB:MODULE_1:g2:a0:g1:z1:s0:g1:u0:c_12\ <=  ('0') ;

Note:  Expanding virtual equation for '\PWM:PWMUDB:MODULE_1:g2:a0:g1:z1:s0:g1:u0:c_5\' (cost = 0):
\PWM:PWMUDB:MODULE_1:g2:a0:g1:z1:s0:g1:u0:c_5\ <=  ('0') ;


Substituting virtuals - pass 5:

Note:  Expanding virtual equation for '\PWM:PWMUDB:MODULE_1:g2:a0:g1:z1:s0:g1:u0:c_21\' (cost = 0):
\PWM:PWMUDB:MODULE_1:g2:a0:g1:z1:s0:g1:u0:c_21\ <=  ('0') ;

Note:  Expanding virtual equation for '\PWM:PWMUDB:MODULE_1:g2:a0:g1:z1:s0:g1:u0:c_13\' (cost = 0):
\PWM:PWMUDB:MODULE_1:g2:a0:g1:z1:s0:g1:u0:c_13\ <=  ('0') ;

Note:  Expanding virtual equation for '\PWM:PWMUDB:MODULE_1:g2:a0:g1:z1:s0:g1:u0:c_6\' (cost = 0):
\PWM:PWMUDB:MODULE_1:g2:a0:g1:z1:s0:g1:u0:c_6\ <=  ('0') ;


Substituting virtuals - pass 6:

Note:  Expanding virtual equation for '\PWM:PWMUDB:MODULE_1:g2:a0:g1:z1:s0:g1:u0:c_22\' (cost = 0):
\PWM:PWMUDB:MODULE_1:g2:a0:g1:z1:s0:g1:u0:c_22\ <=  ('0') ;

Note:  Expanding virtual equation for '\PWM:PWMUDB:MODULE_1:g2:a0:g1:z1:s0:g1:u0:c_14\' (cost = 0):
\PWM:PWMUDB:MODULE_1:g2:a0:g1:z1:s0:g1:u0:c_14\ <=  ('0') ;

Note:  Expanding virtual equation for '\PWM:PWMUDB:MODULE_1:g2:a0:g1:z1:s0:g1:u0:c_7\' (cost = 0):
\PWM:PWMUDB:MODULE_1:g2:a0:g1:z1:s0:g1:u0:c_7\ <=  ('0') ;


Substituting virtuals - pass 7:

Note:  Expanding virtual equation for '\PWM:PWMUDB:MODULE_1:g2:a0:g1:z1:s0:g1:u0:c_23\' (cost = 0):
\PWM:PWMUDB:MODULE_1:g2:a0:g1:z1:s0:g1:u0:c_23\ <=  ('0') ;

Note:  Expanding virtual equation for '\PWM:PWMUDB:MODULE_1:g2:a0:g1:z1:s0:g1:u0:c_15\' (cost = 0):
\PWM:PWMUDB:MODULE_1:g2:a0:g1:z1:s0:g1:u0:c_15\ <=  ('0') ;


Substituting virtuals - pass 8:


----------------------------------------------------------
Circuit simplification results:

	Expanded 26 signals.
	Turned 0 signals into soft nodes.
	Maximum default expansion cost was set at 3.
----------------------------------------------------------

------------------------------------------------------
Alias Detection
------------------------------------------------------
Aliasing \PWM:PWMUDB:final_capture\ to zero
Aliasing \PWM:PWMUDB:MODULE_1:g2:a0:g1:z1:s0:g1:u0:b_24\ to zero
Aliasing \PWM:PWMUDB:MODULE_1:g2:a0:g1:z1:s0:g1:u0:b_16\ to zero
Aliasing \PWM:PWMUDB:MODULE_1:g2:a0:g1:z1:s0:g1:u0:b_8\ to zero
Aliasing \PWM:PWMUDB:final_kill_reg\\D\ to zero
Removing Lhs of wire \PWM:PWMUDB:final_capture\[157] = zero[6]
Removing Lhs of wire \PWM:PWMUDB:MODULE_1:g2:a0:g1:z1:s0:g1:u0:b_24\[418] = zero[6]
Removing Lhs of wire \PWM:PWMUDB:MODULE_1:g2:a0:g1:z1:s0:g1:u0:b_16\[428] = zero[6]
Removing Lhs of wire \PWM:PWMUDB:MODULE_1:g2:a0:g1:z1:s0:g1:u0:b_8\[438] = zero[6]
Removing Lhs of wire \PWM:PWMUDB:runmode_enable\\D\[458] = \PWM:PWMUDB:control_7\[79]
Removing Lhs of wire \PWM:PWMUDB:final_kill_reg\\D\[466] = zero[6]

------------------------------------------------------
Aliased 0 equations, 6 wires.
------------------------------------------------------

----------------------------------------------------------
Circuit simplification
----------------------------------------------------------

Eliminating unused logic - pass 1:


Eliminating unused logic - pass 2:


Substituting virtuals - pass 1:


----------------------------------------------------------
Circuit simplification results:

	Expanded 0 signals.
	Turned 0 signals into soft nodes.
	Maximum default expansion cost was set at 3.
----------------------------------------------------------

topld:  No errors.

CYPRESS_DIR    : C:\Program Files (x86)\Cypress\PSoC Creator\4.4\PSoC Creator\warp
Warp Program   : C:\Program Files (x86)\Cypress\PSoC Creator\4.4\PSoC Creator\warp\bin\warp.exe
Warp Arguments : -yv2 -q10 -ygs -o2 -v3 -.fftcfgtype=LE -ya -.fftprj=E:\Genotyper-Firmware\docs\sample_projects\psoc\samples\PhotoDiode.cydsn\PhotoDiode.cyprj -dcpsoc3 PhotoDiode.v -verilog
</CYPRESSTAG>
Warp synthesis phase: Elapsed time ==> 1s.440ms
<CYPRESSTAG name="Fitter results...">
<CYPRESSTAG name="Fitter startup details...">
cyp3fit: V4.4.0.80, Family: PSoC3, Started at: Wednesday, 15 December 2021 18:00:47
Options: -yv2 -q10 -ygs -o2 -v3 -.fftcfgtype=LE -ya -.fftprj=E:\Genotyper-Firmware\docs\sample_projects\psoc\samples\PhotoDiode.cydsn\PhotoDiode.cyprj -d CY8C5888LTI-LP097 PhotoDiode.v -verilog
</CYPRESSTAG>
<CYPRESSTAG name="Design parsing">
Design parsing phase: Elapsed time ==> 0s.007ms
</CYPRESSTAG>
<CYPRESSTAG name="Tech Mapping">
<CYPRESSTAG name="Initial Mapping" icon="FILE_RPT_TECHM">
    Removed wire end \PWM:PWMUDB:MODULE_1:g2:a0:g1:z1:s0:g1:u0:c_24\ kept zero
    Removed wire end \PWM:PWMUDB:MODULE_1:g2:a0:g1:z1:s0:g1:u0:c_16\ kept zero
    Removed wire end \PWM:PWMUDB:MODULE_1:g2:a0:g1:z1:s0:g1:u0:c_8\ kept zero
    Converted constant MacroCell: \PWM:PWMUDB:prevCapture\ from registered to combinatorial
    Converted constant MacroCell: \PWM:PWMUDB:trig_last\ from registered to combinatorial
    Converted constant MacroCell: \PWM:PWMUDB:status_1\ from registered to combinatorial
    Converted constant MacroCell: \PWM:PWMUDB:status_5\ from registered to combinatorial
    Converted constant MacroCell: \PWM:PWMUDB:pwm1_i_reg\ from registered to combinatorial
    Converted constant MacroCell: \PWM:PWMUDB:pwm2_i_reg\ from registered to combinatorial
<CYPRESSTAG name="Global Clock Selection" icon="FILE_RPT_TECHM">
    Digital Clock 0: Automatic-assigning  clock 'ADC_Ext_CP_Clk'. Fanout=1, Signal=\ADC:Net_93\
    Digital Clock 1: Automatic-assigning  clock 'Clock_1'. Fanout=1, Signal=Net_73
    Analog  Clock 0: Automatic-assigning  clock 'ADC_theACLK'. Fanout=1, Signal=\ADC:Net_488\
</CYPRESSTAG>

Removing unused cells resulting from optimization
Done removing unused cells.
<CYPRESSTAG name="UDB Clock/Enable Remapping Results">
    UDB Clk/Enable \PWM:PWMUDB:clock_enable_block\: with output requested to be synchronous
        ClockIn: Clock_1 was determined to be a global clock that is synchronous to BUS_CLK
        EnableIn: Constant 1 was determined to be synchronous to ClockIn
        ClockOut: Clock_1, EnableOut: Constant 1
</CYPRESSTAG>

Removing unused cells resulting from optimization
Done removing unused cells.
<CYPRESSTAG name="Duplicate Macrocell detection">
</CYPRESSTAG>
</CYPRESSTAG>
<CYPRESSTAG name="Duplicate Macrocell detection">

Removing unused cells resulting from optimization
Done removing unused cells.
</CYPRESSTAG>
<CYPRESSTAG name="Design Equations" icon="FILE_RPT_EQUATION">

------------------------------------------------------------
Design Equations
------------------------------------------------------------
    <CYPRESSTAG name="Pin listing">

    ------------------------------------------------------------
    Pin listing
    ------------------------------------------------------------

    Pin : Name = OutPut_pin(0)
        Attributes:
            In Group/Port: True
            In Sync Option: AUTO
            Out Sync Option: NOSYNC
            Interrupt generated: False
            Interrupt mode: NONE
            Drive mode: CMOS_OUT
            VTrip: EITHER
            Slew: FAST
            Input Sync needed: False
            Output Sync needed: False
            SC shield enabled: False
            POR State: ANY
            LCD Mode: COMMON
            Register Mode: RegComb
            CaSense Mode: NEITHER
            Treat as pin: True
            Is OE Registered: False
            Uses Analog: False
            Can contain Digital: True
            Is SIO: False
            SIO Output Buf: NONREGULATED
            SIO Input Buf: SINGLE_ENDED
            SIO HiFreq: LOW
            SIO Hyst: DISABLED
            SIO Vtrip: MULTIPLIER_0_5
            SIO Multiplier Index: 0
            SIO RefSel: VCC_IO
            Required Capabilities: DIGITAL, ROUTABLE
            Initial Value: 0
            IO Voltage: 0
        PORT MAP (
            pa_out => OutPut_pin(0)__PA ,
            pin_input => Net_80 ,
            pad => OutPut_pin(0)_PAD );
        Properties:
        {
        }

    Pin : Name = PhotoDiode_cathode(0)
        Attributes:
            In Group/Port: True
            In Sync Option: AUTO
            Out Sync Option: AUTO
            Interrupt generated: False
            Interrupt mode: NONE
            Drive mode: HI_Z_ANALOG
            VTrip: EITHER
            Slew: FAST
            Input Sync needed: False
            Output Sync needed: False
            SC shield enabled: False
            POR State: ANY
            LCD Mode: COMMON
            Register Mode: RegComb
            CaSense Mode: NEITHER
            Treat as pin: True
            Is OE Registered: False
            Uses Analog: True
            Can contain Digital: False
            Is SIO: False
            SIO Output Buf: NONREGULATED
            SIO Input Buf: SINGLE_ENDED
            SIO HiFreq: LOW
            SIO Hyst: DISABLED
            SIO Vtrip: MULTIPLIER_0_5
            SIO Multiplier Index: 0
            SIO RefSel: VCC_IO
            Required Capabilities: ANALOG
            Initial Value: 0
            IO Voltage: 0
        PORT MAP (
            pa_out => PhotoDiode_cathode(0)__PA ,
            analog_term => Net_19 ,
            pad => PhotoDiode_cathode(0)_PAD );
        Properties:
        {
        }

    Pin : Name = PhotoDiode_Anode(0)
        Attributes:
            In Group/Port: True
            In Sync Option: AUTO
            Out Sync Option: AUTO
            Interrupt generated: False
            Interrupt mode: NONE
            Drive mode: HI_Z_ANALOG
            VTrip: EITHER
            Slew: FAST
            Input Sync needed: False
            Output Sync needed: False
            SC shield enabled: False
            POR State: ANY
            LCD Mode: COMMON
            Register Mode: RegComb
            CaSense Mode: NEITHER
            Treat as pin: True
            Is OE Registered: False
            Uses Analog: True
            Can contain Digital: False
            Is SIO: False
            SIO Output Buf: NONREGULATED
            SIO Input Buf: SINGLE_ENDED
            SIO HiFreq: LOW
            SIO Hyst: DISABLED
            SIO Vtrip: MULTIPLIER_0_5
            SIO Multiplier Index: 0
            SIO RefSel: VCC_IO
            Required Capabilities: ANALOG
            Initial Value: 0
            IO Voltage: 0
        PORT MAP (
            pa_out => PhotoDiode_Anode(0)__PA ,
            analog_term => Net_18 ,
            pad => PhotoDiode_Anode(0)_PAD );
        Properties:
        {
        }
    </CYPRESSTAG>
    <CYPRESSTAG name="Macrocell listing" icon="FILE_RPT_EQUATION">

    ------------------------------------------------------------
    Macrocell listing
    ------------------------------------------------------------

    MacroCell: Name=\PWM:PWMUDB:status_2\, Mode=(Combinatorial)
        Total # of inputs        : 2
        Total # of product terms : 1
            Clock Enable: True
        Main Equation            : 1 pterm
        (
              \PWM:PWMUDB:runmode_enable\ * \PWM:PWMUDB:tc_i\
        );
        Output = \PWM:PWMUDB:status_2\ (fanout=1)

    MacroCell: Name=__ONE__, Mode=(Combinatorial)
        Total # of inputs        : 0
        Total # of product terms : 0
            Clock Enable: True
        Main Equation            : 0 pterms
        !(
            0
        );
        Output = __ONE__ (fanout=1)

    MacroCell: Name=\PWM:PWMUDB:runmode_enable\, Mode=(D-Register)
        Total # of inputs        : 1
        Total # of product terms : 1
        List of special equations: 
            Clock  = (Net_73) => Global
            Clock Enable: True
        Main Equation            : 1 pterm
        (
              \PWM:PWMUDB:control_7\
        );
        Output = \PWM:PWMUDB:runmode_enable\ (fanout=4)

    MacroCell: Name=\PWM:PWMUDB:prevCompare1\, Mode=(D-Register)
        Total # of inputs        : 1
        Total # of product terms : 1
        List of special equations: 
            Clock  = (Net_73) => Global
            Clock Enable: True
        Main Equation            : 1 pterm
        (
              \PWM:PWMUDB:cmp1_less\
        );
        Output = \PWM:PWMUDB:prevCompare1\ (fanout=1)

    MacroCell: Name=\PWM:PWMUDB:status_0\, Mode=(D-Register)
        Total # of inputs        : 2
        Total # of product terms : 1
        List of special equations: 
            Clock  = (Net_73) => Global
            Clock Enable: True
        Main Equation            : 1 pterm
        (
              !\PWM:PWMUDB:prevCompare1\ * \PWM:PWMUDB:cmp1_less\
        );
        Output = \PWM:PWMUDB:status_0\ (fanout=1)

    MacroCell: Name=Net_80, Mode=(D-Register)
        Total # of inputs        : 2
        Total # of product terms : 1
        List of special equations: 
            Clock  = (Net_73) => Global
            Clock Enable: True
        Main Equation            : 1 pterm
        (
              \PWM:PWMUDB:runmode_enable\ * \PWM:PWMUDB:cmp1_less\
        );
        Output = Net_80 (fanout=1)
    </CYPRESSTAG>
    <CYPRESSTAG name="Datapath listing">

    ------------------------------------------------------------
    Datapath listing
    ------------------------------------------------------------

    datapathcell: Name =\PWM:PWMUDB:sP16:pwmdp:u0\
        PORT MAP (
            clock => Net_73 ,
            cs_addr_2 => \PWM:PWMUDB:tc_i\ ,
            cs_addr_1 => \PWM:PWMUDB:runmode_enable\ ,
            chain_out => \PWM:PWMUDB:sP16:pwmdp:carry\ );
        Properties:
        {
            a0_init = "00000000"
            a1_init = "00000000"
            ce0_sync = 1
            ce1_sync = 1
            cl0_sync = 1
            cl1_sync = 1
            cmsb_sync = 1
            co_msb_sync = 1
            cy_dpconfig = "0000000001000000000000001100000001000000010000000000000011000000000000001100000000000000110000000000000011000000000000001100000011111111000000001111111111111111101000000000000000000100000000000000000000011000"
            d0_init = "00000000"
            d1_init = "00000000"
            f0_blk_sync = 1
            f0_bus_sync = 1
            f1_blk_sync = 1
            f1_bus_sync = 1
            ff0_sync = 1
            ff1_sync = 1
            ov_msb_sync = 1
            so_sync = 1
            z0_sync = 1
            z1_sync = 1
        }
        Clock Polarity: Active High
        Clock Enable: True
        Next in chain : \PWM:PWMUDB:sP16:pwmdp:u1\

    datapathcell: Name =\PWM:PWMUDB:sP16:pwmdp:u1\
        PORT MAP (
            clock => Net_73 ,
            cs_addr_2 => \PWM:PWMUDB:tc_i\ ,
            cs_addr_1 => \PWM:PWMUDB:runmode_enable\ ,
            cl0_comb => \PWM:PWMUDB:cmp1_less\ ,
            z0_comb => \PWM:PWMUDB:tc_i\ ,
            f1_blk_stat_comb => \PWM:PWMUDB:status_3\ ,
            chain_in => \PWM:PWMUDB:sP16:pwmdp:carry\ );
        Properties:
        {
            a0_init = "00000000"
            a1_init = "00000000"
            ce0_sync = 1
            ce1_sync = 1
            cl0_sync = 1
            cl1_sync = 1
            cmsb_sync = 1
            co_msb_sync = 1
            cy_dpconfig = "0000000001000000000000001100000001000000010000000000000011000000000000001100000000000000110000000000000011000000000000001100000011111111000000001111111111111111101011110000000000000100000011110000000000011000"
            d0_init = "00000000"
            d1_init = "00000000"
            f0_blk_sync = 1
            f0_bus_sync = 1
            f1_blk_sync = 1
            f1_bus_sync = 1
            ff0_sync = 1
            ff1_sync = 1
            ov_msb_sync = 1
            so_sync = 1
            z0_sync = 1
            z1_sync = 1
        }
        Clock Polarity: Active High
        Clock Enable: True
        Previous in chain : \PWM:PWMUDB:sP16:pwmdp:u0\
    </CYPRESSTAG>
    <CYPRESSTAG name="Status register listing">
    </CYPRESSTAG>
    <CYPRESSTAG name="StatusI register listing">

    ------------------------------------------------------------
    StatusI register listing
    ------------------------------------------------------------

    statusicell: Name =\PWM:PWMUDB:genblk8:stsreg\
        PORT MAP (
            clock => Net_73 ,
            status_3 => \PWM:PWMUDB:status_3\ ,
            status_2 => \PWM:PWMUDB:status_2\ ,
            status_0 => \PWM:PWMUDB:status_0\ );
        Properties:
        {
            cy_force_order = 1
            cy_int_mask = "1111111"
            cy_md_select = "0100111"
        }
        Clock Polarity: Active High
        Clock Enable: True
    </CYPRESSTAG>
    <CYPRESSTAG name="Sync listing">
    </CYPRESSTAG>
    <CYPRESSTAG name="Control register listing">

    ------------------------------------------------------------
    Control register listing
    ------------------------------------------------------------

    controlcell: Name =\PWM:PWMUDB:genblk1:ctrlreg\
        PORT MAP (
            clock => Net_73 ,
            control_7 => \PWM:PWMUDB:control_7\ ,
            control_6 => \PWM:PWMUDB:control_6\ ,
            control_5 => \PWM:PWMUDB:control_5\ ,
            control_4 => \PWM:PWMUDB:control_4\ ,
            control_3 => \PWM:PWMUDB:control_3\ ,
            control_2 => \PWM:PWMUDB:control_2\ ,
            control_1 => \PWM:PWMUDB:control_1\ ,
            control_0 => \PWM:PWMUDB:control_0\ );
        Properties:
        {
            cy_ctrl_mode_0 = "11111111"
            cy_ctrl_mode_1 = "00000000"
            cy_ext_reset = 0
            cy_force_order = 1
            cy_init_value = "00000000"
        }
        Clock Polarity: Active High
        Clock Enable: True
    </CYPRESSTAG>
    <CYPRESSTAG name="Count7 listing">
    </CYPRESSTAG>
    <CYPRESSTAG name="DRQ listing">
    </CYPRESSTAG>
    <CYPRESSTAG name="Interrupt listing">

    ------------------------------------------------------------
    Interrupt listing
    ------------------------------------------------------------

    interrupt: Name =\ADC:IRQ\
        PORT MAP (
            interrupt => Net_21 );
        Properties:
        {
            int_type = "10"
            is_nmi = 0
        }
    </CYPRESSTAG>
</CYPRESSTAG>
<CYPRESSTAG name="Technology mapping summary" expanded>

------------------------------------------------------------
Technology mapping summary
------------------------------------------------------------

Resource Type                 : Used : Free :  Max :  % Used
============================================================
Digital Clocks                :    2 :    6 :    8 : 25.00 %
Analog Clocks                 :    1 :    3 :    4 : 25.00 %
CapSense Buffers              :    0 :    2 :    2 :  0.00 %
Digital Filter Block          :    0 :    1 :    1 :  0.00 %
Interrupts                    :    1 :   31 :   32 :  3.13 %
IO                            :    6 :   42 :   48 : 12.50 %
Segment LCD                   :    0 :    1 :    1 :  0.00 %
CAN 2.0b                      :    0 :    1 :    1 :  0.00 %
I2C                           :    0 :    1 :    1 :  0.00 %
USB                           :    0 :    1 :    1 :  0.00 %
DMA Channels                  :    0 :   24 :   24 :  0.00 %
Timer                         :    0 :    4 :    4 :  0.00 %
UDB                           :      :      :      :        
  Macrocells                  :    6 :  186 :  192 :  3.13 %
  Unique P-terms              :    5 :  379 :  384 :  1.30 %
  Total P-terms               :    5 :      :      :        
  Datapath Cells              :    2 :   22 :   24 :  8.33 %
  Status Cells                :    1 :   23 :   24 :  4.17 %
    StatusI Registers         :    1 :      :      :        
  Control Cells               :    1 :   23 :   24 :  4.17 %
    Control Registers         :    1 :      :      :        
Opamp                         :    0 :    4 :    4 :  0.00 %
Comparator                    :    0 :    4 :    4 :  0.00 %
Delta-Sigma ADC               :    1 :    0 :    1 : 100.00 %
LPF                           :    0 :    2 :    2 :  0.00 %
SAR ADC                       :    0 :    2 :    2 :  0.00 %
Analog (SC/CT) Blocks         :    0 :    4 :    4 :  0.00 %
DAC                           :      :      :      :        
  VIDAC                       :    0 :    4 :    4 :  0.00 %
</CYPRESSTAG>
Technology Mapping: Elapsed time ==> 0s.288ms
Tech Mapping phase: Elapsed time ==> 0s.345ms
</CYPRESSTAG>
<CYPRESSTAG name="Analog Placement">
Initial Analog Placement Results:
IO_1@[IOP=(0)][IoId=(1)] : OutPut_pin(0) (fixed)
IO_2@[IOP=(0)][IoId=(2)] : PhotoDiode_Anode(0) (fixed)
IO_3@[IOP=(0)][IoId=(3)] : PhotoDiode_cathode(0) (fixed)
DSM[0]@[FFB(DSM,0)] : \ADC:DSM\
Analog Placement Results:
IO_1@[IOP=(0)][IoId=(1)] : OutPut_pin(0) (fixed)
IO_2@[IOP=(0)][IoId=(2)] : PhotoDiode_Anode(0) (fixed)
IO_3@[IOP=(0)][IoId=(3)] : PhotoDiode_cathode(0) (fixed)
DSM[0]@[FFB(DSM,0)] : \ADC:DSM\

Analog Placement phase: Elapsed time ==> 0s.014ms
</CYPRESSTAG>
<CYPRESSTAG name="Analog Routing">
Analog Routing phase: Elapsed time ==> 0s.001ms
</CYPRESSTAG>
<CYPRESSTAG name="Analog Code Generation">
============ Analog Final Answer Routes ============
Dump of CyAnalogRoutingResultsDB
Map of net to items {
  Net: Net_18 {
    dsm_0_vplus
    agl6_x_dsm_0_vplus
    agl6
    agl6_x_p0_2
    p0_2
  }
  Net: Net_19 {
    dsm_0_vminus
    agl7_x_dsm_0_vminus
    agl7
    agl7_x_p0_3
    p0_3
  }
  Net: \ADC:Net_249\ {
  }
  Net: \ADC:Net_257\ {
  }
  Net: \ADC:Net_109\ {
  }
  Net: \ADC:Net_34\ {
  }
}
Map of item to net {
  dsm_0_vplus                                      -> Net_18
  agl6_x_dsm_0_vplus                               -> Net_18
  agl6                                             -> Net_18
  agl6_x_p0_2                                      -> Net_18
  p0_2                                             -> Net_18
  dsm_0_vminus                                     -> Net_19
  agl7_x_dsm_0_vminus                              -> Net_19
  agl7                                             -> Net_19
  agl7_x_p0_3                                      -> Net_19
  p0_3                                             -> Net_19
}
Mux Info {
}
Dump of CyP35AnalogRoutingResultsDB
IsVddaHalfUsedForComp = False
IsVddaHalfUsedForSar0 = False
IsVddaHalfUsedForSar1 = False
Analog Code Generation phase: Elapsed time ==> 0s.361ms
</CYPRESSTAG>
<CYPRESSTAG name="Digital Placement">
<CYPRESSTAG name="Detailed placement messages">
I2076: Total run-time: 0.8 sec.

</CYPRESSTAG>
<CYPRESSTAG name="PLD Packing">
<CYPRESSTAG name="PLD Packing Summary" expanded>

------------------------------------------------------------
PLD Packing Summary
------------------------------------------------------------
            Resource Type : Used : Free :  Max :  % Used
    ====================================================
                     PLDs :    3 :   45 :   48 :   6.25%

<CYPRESSTAG name="PLD Statistics">

        PLD Resource Type :     Average/LAB
    =======================================
                   Inputs :            2.00
                   Pterms :            1.67
               Macrocells :            2.00
</CYPRESSTAG>
<CYPRESSTAG name="Packed PLD Contents">
Packed PLD Contents not displayed at this verbose level.</CYPRESSTAG>
</CYPRESSTAG>
PLD Packing: Elapsed time ==> 0s.103ms
</CYPRESSTAG>
<CYPRESSTAG name="Partitioning">
<CYPRESSTAG name="Initial Partitioning Summary">
Initial Partitioning Summary not displayed at this verbose level.</CYPRESSTAG>
<CYPRESSTAG name="Final Partitioning Summary">
Final Partitioning Summary not displayed at this verbose level.</CYPRESSTAG>
Partitioning: Elapsed time ==> 0s.024ms
</CYPRESSTAG>
<CYPRESSTAG name="Final Placement Summary">

------------------------------------------------------------
Final Placement Summary
------------------------------------------------------------

       Resource Type :      Count : Avg Inputs : Avg Outputs
    ========================================================
                 UDB :          3 :       1.67 :       2.00
<CYPRESSTAG name="Final Placement Details">
<CYPRESSTAG name="Component Details">

------------------------------------------------------------
Component Placement Details
------------------------------------------------------------
UDB [UDB=(0,0)] is empty.
UDB [UDB=(0,1)] is empty.
UDB [UDB=(0,2)] is empty.
UDB [UDB=(0,3)] contents:
datapathcell: Name =\PWM:PWMUDB:sP16:pwmdp:u0\
    PORT MAP (
        clock => Net_73 ,
        cs_addr_2 => \PWM:PWMUDB:tc_i\ ,
        cs_addr_1 => \PWM:PWMUDB:runmode_enable\ ,
        chain_out => \PWM:PWMUDB:sP16:pwmdp:carry\ );
    Properties:
    {
        a0_init = "00000000"
        a1_init = "00000000"
        ce0_sync = 1
        ce1_sync = 1
        cl0_sync = 1
        cl1_sync = 1
        cmsb_sync = 1
        co_msb_sync = 1
        cy_dpconfig = "0000000001000000000000001100000001000000010000000000000011000000000000001100000000000000110000000000000011000000000000001100000011111111000000001111111111111111101000000000000000000100000000000000000000011000"
        d0_init = "00000000"
        d1_init = "00000000"
        f0_blk_sync = 1
        f0_bus_sync = 1
        f1_blk_sync = 1
        f1_bus_sync = 1
        ff0_sync = 1
        ff1_sync = 1
        ov_msb_sync = 1
        so_sync = 1
        z0_sync = 1
        z1_sync = 1
    }
    Clock Polarity: Active High
    Clock Enable: True
    Next in chain : \PWM:PWMUDB:sP16:pwmdp:u1\

UDB [UDB=(0,4)] is empty.
UDB [UDB=(0,5)] is empty.
UDB [UDB=(1,0)] is empty.
UDB [UDB=(1,1)] is empty.
UDB [UDB=(1,2)] is empty.
UDB [UDB=(1,3)] contents:
LAB@[UDB=(1,3)][LB=0] #macrocells=4, #inputs=4, #pterms=4
{
    [McSlotId=0]:     MacroCell: Name=\PWM:PWMUDB:runmode_enable\, Mode=(D-Register) @ [UDB=(1,3)][LB=0][MC=0]
        Total # of inputs        : 1
        Total # of product terms : 1
        List of special equations: 
            Clock  = (Net_73) => Global
            Clock Enable: True
        Main Equation            : 1 pterm
        (
              \PWM:PWMUDB:control_7\
        );
        Output = \PWM:PWMUDB:runmode_enable\ (fanout=4)
        Properties               : 
        {
        }

    [McSlotId=1]:     MacroCell: Name=\PWM:PWMUDB:status_2\, Mode=(Combinatorial) @ [UDB=(1,3)][LB=0][MC=1]
        Total # of inputs        : 2
        Total # of product terms : 1
            Clock Enable: True
        Main Equation            : 1 pterm
        (
              \PWM:PWMUDB:runmode_enable\ * \PWM:PWMUDB:tc_i\
        );
        Output = \PWM:PWMUDB:status_2\ (fanout=1)
        Properties               : 
        {
        }

    [McSlotId=2]:     MacroCell: Name=Net_80, Mode=(D-Register) @ [UDB=(1,3)][LB=0][MC=2]
        Total # of inputs        : 2
        Total # of product terms : 1
        List of special equations: 
            Clock  = (Net_73) => Global
            Clock Enable: True
        Main Equation            : 1 pterm
        (
              \PWM:PWMUDB:runmode_enable\ * \PWM:PWMUDB:cmp1_less\
        );
        Output = Net_80 (fanout=1)
        Properties               : 
        {
        }

    [McSlotId=3]:     MacroCell: Name=\PWM:PWMUDB:prevCompare1\, Mode=(D-Register) @ [UDB=(1,3)][LB=0][MC=3]
        Total # of inputs        : 1
        Total # of product terms : 1
        List of special equations: 
            Clock  = (Net_73) => Global
            Clock Enable: True
        Main Equation            : 1 pterm
        (
              \PWM:PWMUDB:cmp1_less\
        );
        Output = \PWM:PWMUDB:prevCompare1\ (fanout=1)
        Properties               : 
        {
        }
}

LAB@[UDB=(1,3)][LB=1] #macrocells=1, #inputs=2, #pterms=1
{
    [McSlotId=0]:     MacroCell: Name=\PWM:PWMUDB:status_0\, Mode=(D-Register) @ [UDB=(1,3)][LB=1][MC=0]
        Total # of inputs        : 2
        Total # of product terms : 1
        List of special equations: 
            Clock  = (Net_73) => Global
            Clock Enable: True
        Main Equation            : 1 pterm
        (
              !\PWM:PWMUDB:prevCompare1\ * \PWM:PWMUDB:cmp1_less\
        );
        Output = \PWM:PWMUDB:status_0\ (fanout=1)
        Properties               : 
        {
        }

    [McSlotId=1]: (empty)
    [McSlotId=2]: (empty)
    [McSlotId=3]: (empty)
}

datapathcell: Name =\PWM:PWMUDB:sP16:pwmdp:u1\
    PORT MAP (
        clock => Net_73 ,
        cs_addr_2 => \PWM:PWMUDB:tc_i\ ,
        cs_addr_1 => \PWM:PWMUDB:runmode_enable\ ,
        cl0_comb => \PWM:PWMUDB:cmp1_less\ ,
        z0_comb => \PWM:PWMUDB:tc_i\ ,
        f1_blk_stat_comb => \PWM:PWMUDB:status_3\ ,
        chain_in => \PWM:PWMUDB:sP16:pwmdp:carry\ );
    Properties:
    {
        a0_init = "00000000"
        a1_init = "00000000"
        ce0_sync = 1
        ce1_sync = 1
        cl0_sync = 1
        cl1_sync = 1
        cmsb_sync = 1
        co_msb_sync = 1
        cy_dpconfig = "0000000001000000000000001100000001000000010000000000000011000000000000001100000000000000110000000000000011000000000000001100000011111111000000001111111111111111101011110000000000000100000011110000000000011000"
        d0_init = "00000000"
        d1_init = "00000000"
        f0_blk_sync = 1
        f0_bus_sync = 1
        f1_blk_sync = 1
        f1_bus_sync = 1
        ff0_sync = 1
        ff1_sync = 1
        ov_msb_sync = 1
        so_sync = 1
        z0_sync = 1
        z1_sync = 1
    }
    Clock Polarity: Active High
    Clock Enable: True
    Previous in chain : \PWM:PWMUDB:sP16:pwmdp:u0\

statusicell: Name =\PWM:PWMUDB:genblk8:stsreg\
    PORT MAP (
        clock => Net_73 ,
        status_3 => \PWM:PWMUDB:status_3\ ,
        status_2 => \PWM:PWMUDB:status_2\ ,
        status_0 => \PWM:PWMUDB:status_0\ );
    Properties:
    {
        cy_force_order = 1
        cy_int_mask = "1111111"
        cy_md_select = "0100111"
    }
    Clock Polarity: Active High
    Clock Enable: True

controlcell: Name =\PWM:PWMUDB:genblk1:ctrlreg\
    PORT MAP (
        clock => Net_73 ,
        control_7 => \PWM:PWMUDB:control_7\ ,
        control_6 => \PWM:PWMUDB:control_6\ ,
        control_5 => \PWM:PWMUDB:control_5\ ,
        control_4 => \PWM:PWMUDB:control_4\ ,
        control_3 => \PWM:PWMUDB:control_3\ ,
        control_2 => \PWM:PWMUDB:control_2\ ,
        control_1 => \PWM:PWMUDB:control_1\ ,
        control_0 => \PWM:PWMUDB:control_0\ );
    Properties:
    {
        cy_ctrl_mode_0 = "11111111"
        cy_ctrl_mode_1 = "00000000"
        cy_ext_reset = 0
        cy_force_order = 1
        cy_init_value = "00000000"
    }
    Clock Polarity: Active High
    Clock Enable: True

UDB [UDB=(1,4)] is empty.
UDB [UDB=(1,5)] contents:
LAB@[UDB=(1,5)][LB=0] #macrocells=1, #inputs=0, #pterms=0
{
    [McSlotId=0]:     MacroCell: Name=__ONE__, Mode=(Combinatorial) @ [UDB=(1,5)][LB=0][MC=0]
        Total # of inputs        : 0
        Total # of product terms : 0
            Clock Enable: True
        Main Equation            : 0 pterms
        !(
            0
        );
        Output = __ONE__ (fanout=1)
        Properties               : 
        {
        }

    [McSlotId=1]: (empty)
    [McSlotId=2]: (empty)
    [McSlotId=3]: (empty)
}

UDB [UDB=(2,0)] is empty.
UDB [UDB=(2,1)] is empty.
UDB [UDB=(2,2)] is empty.
UDB [UDB=(2,3)] is empty.
UDB [UDB=(2,4)] is empty.
UDB [UDB=(2,5)] is empty.
UDB [UDB=(3,0)] is empty.
UDB [UDB=(3,1)] is empty.
UDB [UDB=(3,2)] is empty.
UDB [UDB=(3,3)] is empty.
UDB [UDB=(3,4)] is empty.
UDB [UDB=(3,5)] is empty.
Intr container @ [IntrContainer=(0)]: 
  Intr@ [IntrContainer=(0)][IntrId=(29)] 
    interrupt: Name =\ADC:IRQ\
        PORT MAP (
            interrupt => Net_21 );
        Properties:
        {
            int_type = "10"
            is_nmi = 0
        }
Drq container @ [DrqContainer=(0)]: empty
Port 0 contains the following IO cells:
[IoId=1]: 
Pin : Name = OutPut_pin(0)
    Attributes:
        In Group/Port: True
        In Sync Option: AUTO
        Out Sync Option: NOSYNC
        Interrupt generated: False
        Interrupt mode: NONE
        Drive mode: CMOS_OUT
        VTrip: EITHER
        Slew: FAST
        Input Sync needed: False
        Output Sync needed: False
        SC shield enabled: False
        POR State: ANY
        LCD Mode: COMMON
        Register Mode: RegComb
        CaSense Mode: NEITHER
        Treat as pin: True
        Is OE Registered: False
        Uses Analog: False
        Can contain Digital: True
        Is SIO: False
        SIO Output Buf: NONREGULATED
        SIO Input Buf: SINGLE_ENDED
        SIO HiFreq: LOW
        SIO Hyst: DISABLED
        SIO Vtrip: MULTIPLIER_0_5
        SIO Multiplier Index: 0
        SIO RefSel: VCC_IO
        Required Capabilities: DIGITAL, ROUTABLE
        Initial Value: 0
        IO Voltage: 0
    PORT MAP (
        pa_out => OutPut_pin(0)__PA ,
        pin_input => Net_80 ,
        pad => OutPut_pin(0)_PAD );
    Properties:
    {
    }

[IoId=2]: 
Pin : Name = PhotoDiode_Anode(0)
    Attributes:
        In Group/Port: True
        In Sync Option: AUTO
        Out Sync Option: AUTO
        Interrupt generated: False
        Interrupt mode: NONE
        Drive mode: HI_Z_ANALOG
        VTrip: EITHER
        Slew: FAST
        Input Sync needed: False
        Output Sync needed: False
        SC shield enabled: False
        POR State: ANY
        LCD Mode: COMMON
        Register Mode: RegComb
        CaSense Mode: NEITHER
        Treat as pin: True
        Is OE Registered: False
        Uses Analog: True
        Can contain Digital: False
        Is SIO: False
        SIO Output Buf: NONREGULATED
        SIO Input Buf: SINGLE_ENDED
        SIO HiFreq: LOW
        SIO Hyst: DISABLED
        SIO Vtrip: MULTIPLIER_0_5
        SIO Multiplier Index: 0
        SIO RefSel: VCC_IO
        Required Capabilities: ANALOG
        Initial Value: 0
        IO Voltage: 0
    PORT MAP (
        pa_out => PhotoDiode_Anode(0)__PA ,
        analog_term => Net_18 ,
        pad => PhotoDiode_Anode(0)_PAD );
    Properties:
    {
    }

[IoId=3]: 
Pin : Name = PhotoDiode_cathode(0)
    Attributes:
        In Group/Port: True
        In Sync Option: AUTO
        Out Sync Option: AUTO
        Interrupt generated: False
        Interrupt mode: NONE
        Drive mode: HI_Z_ANALOG
        VTrip: EITHER
        Slew: FAST
        Input Sync needed: False
        Output Sync needed: False
        SC shield enabled: False
        POR State: ANY
        LCD Mode: COMMON
        Register Mode: RegComb
        CaSense Mode: NEITHER
        Treat as pin: True
        Is OE Registered: False
        Uses Analog: True
        Can contain Digital: False
        Is SIO: False
        SIO Output Buf: NONREGULATED
        SIO Input Buf: SINGLE_ENDED
        SIO HiFreq: LOW
        SIO Hyst: DISABLED
        SIO Vtrip: MULTIPLIER_0_5
        SIO Multiplier Index: 0
        SIO RefSel: VCC_IO
        Required Capabilities: ANALOG
        Initial Value: 0
        IO Voltage: 0
    PORT MAP (
        pa_out => PhotoDiode_cathode(0)__PA ,
        analog_term => Net_19 ,
        pad => PhotoDiode_cathode(0)_PAD );
    Properties:
    {
    }

Port 1 contains the following IO cells:
Port 2 contains the following IO cells:
Port 3 contains the following IO cells:
Port 12 contains the following IO cells:
Port 15 contains the following IO cells:
ARM group 0: empty
CAN group 0: empty
Cache group 0: empty
CapSense group 0: empty
Clock group 0: 
    Clock Block @ F(Clock,0): 
    clockblockcell: Name =ClockBlock
        PORT MAP (
            imo => ClockBlock_IMO ,
            pllout => ClockBlock_PLL_OUT ,
            ilo => ClockBlock_ILO ,
            clk_100k => ClockBlock_100k ,
            clk_1k => ClockBlock_1k ,
            clk_32k => ClockBlock_32k ,
            xtal => ClockBlock_XTAL ,
            clk_32k_xtal => ClockBlock_XTAL_32KHZ ,
            clk_sync => ClockBlock_MASTER_CLK ,
            clk_bus_glb => ClockBlock_BUS_CLK ,
            clk_bus => ClockBlock_BUS_CLK_local ,
            dclk_glb_0 => \ADC:Net_93\ ,
            dclk_0 => \ADC:Net_93_local\ ,
            dclk_glb_1 => Net_73 ,
            dclk_1 => Net_73_local ,
            aclk_glb_0 => \ADC:Net_488\ ,
            aclk_0 => \ADC:Net_488_local\ ,
            clk_a_dig_glb_0 => \ADC:Net_488_adig\ ,
            clk_a_dig_0 => \ADC:Net_488_adig_local\ );
        Properties:
        {
        }
Comparator group 0: empty
DFB group 0: empty
DSM group 0: 
    DS Modulator @ F(DSM,0): 
    dsmodcell: Name =\ADC:DSM\
        PORT MAP (
            aclock => \ADC:Net_488\ ,
            vplus => Net_18 ,
            vminus => Net_19 ,
            reset_dec => \ADC:mod_reset\ ,
            extclk_cp_udb => \ADC:Net_93_local\ ,
            ext_pin_1 => \ADC:Net_249\ ,
            ext_pin_2 => \ADC:Net_257\ ,
            ext_vssa => \ADC:Net_109\ ,
            qtz_ref => \ADC:Net_34\ ,
            dec_clock => \ADC:aclock\ ,
            mod_dat_3 => \ADC:mod_dat_3\ ,
            mod_dat_2 => \ADC:mod_dat_2\ ,
            mod_dat_1 => \ADC:mod_dat_1\ ,
            mod_dat_0 => \ADC:mod_dat_0\ ,
            dout_udb_7 => \ADC:Net_245_7\ ,
            dout_udb_6 => \ADC:Net_245_6\ ,
            dout_udb_5 => \ADC:Net_245_5\ ,
            dout_udb_4 => \ADC:Net_245_4\ ,
            dout_udb_3 => \ADC:Net_245_3\ ,
            dout_udb_2 => \ADC:Net_245_2\ ,
            dout_udb_1 => \ADC:Net_245_1\ ,
            dout_udb_0 => \ADC:Net_245_0\ );
        Properties:
        {
            cy_registers = ""
            resolution = 18
        }
Decimator group 0: 
    Decimator Block @ F(Decimator,0): 
    decimatorcell: Name =\ADC:DEC\
        PORT MAP (
            aclock => \ADC:aclock\ ,
            mod_dat_3 => \ADC:mod_dat_3\ ,
            mod_dat_2 => \ADC:mod_dat_2\ ,
            mod_dat_1 => \ADC:mod_dat_1\ ,
            mod_dat_0 => \ADC:mod_dat_0\ ,
            ext_start => __ONE__ ,
            modrst => \ADC:mod_reset\ ,
            interrupt => Net_21 );
        Properties:
        {
            cy_registers = ""
        }
EMIF group 0: empty
I2C group 0: empty
LCD group 0: empty
LVD group 0: empty
PICU group 0: empty
PM group 0: empty
SC group 0: empty
SPC group 0: empty
Timer group 0: empty
USB group 0: empty
VIDAC group 0: empty
OpAmp group 0: empty
CsAbuf group 0: empty
Vref group 0: empty
LPF group 0: empty
SAR group 0: empty
ANAIF group 0: empty
PHUB group 0: empty
</CYPRESSTAG>
<CYPRESSTAG name="Port Configuration Details">

------------------------------------------------------------
Port Configuration report
------------------------------------------------------------
     |     |       | Interrupt |                  |                       | 
Port | Pin | Fixed |      Type |       Drive Mode |                  Name | Connections
-----+-----+-------+-----------+------------------+-----------------------+---------------
   0 |   1 |     * |      NONE |         CMOS_OUT |         OutPut_pin(0) | In(Net_80)
     |   2 |     * |      NONE |      HI_Z_ANALOG |   PhotoDiode_Anode(0) | Analog(Net_18)
     |   3 |     * |      NONE |      HI_Z_ANALOG | PhotoDiode_cathode(0) | Analog(Net_19)
------------------------------------------------------------------------------------------
</CYPRESSTAG>
</CYPRESSTAG>
</CYPRESSTAG>
Digital component placer commit/Report: Elapsed time ==> 0s.019ms
Digital Placement phase: Elapsed time ==> 1s.485ms
</CYPRESSTAG>
<CYPRESSTAG name="Digital Routing">
"C:\Program Files (x86)\Cypress\PSoC Creator\4.4\PSoC Creator\bin/sjrouter.exe" --xml-path "C:\Program Files (x86)\Cypress\PSoC Creator\4.4\PSoC Creator\dev\psoc5/psoc5lp/route_arch-rrg.cydata" --vh2-path "PhotoDiode_r.vh2" --pcf-path "PhotoDiode.pco" --des-name "PhotoDiode" --dsf-path "PhotoDiode.dsf" --sdc-path "PhotoDiode.sdc" --lib-path "PhotoDiode_r.lib"
Routing successful.
Digital Routing phase: Elapsed time ==> 1s.223ms
</CYPRESSTAG>
<CYPRESSTAG name="Bitstream Generation">
Bitstream Generation phase: Elapsed time ==> 0s.575ms
</CYPRESSTAG>
<CYPRESSTAG name="Bitstream Verification">
Bitstream Verification phase: Elapsed time ==> 0s.027ms
</CYPRESSTAG>
<CYPRESSTAG name="Static timing analysis">
Timing report is in PhotoDiode_timing.html.
Static timing analysis phase: Elapsed time ==> 0s.257ms
</CYPRESSTAG>
<CYPRESSTAG name="Data reporting">
Data reporting phase: Elapsed time ==> 0s.000ms
</CYPRESSTAG>
<CYPRESSTAG name="Database update...">
Design database save phase: Elapsed time ==> 0s.229ms
</CYPRESSTAG>
cydsfit: Elapsed time ==> 4s.544ms
</CYPRESSTAG>
Fitter phase: Elapsed time ==> 4s.545ms
API generation phase: Elapsed time ==> 2s.733ms
Dependency generation phase: Elapsed time ==> 0s.009ms
Cleanup phase: Elapsed time ==> 0s.001ms
