ARM GAS  C:\Users\user\AppData\Local\Temp\ccSlDTlg.s 			page 1


   1              		.syntax unified
   2              		.cpu cortex-m3
   3              		.fpu softvfp
   4              		.eabi_attribute 20, 1
   5              		.eabi_attribute 21, 1
   6              		.eabi_attribute 23, 3
   7              		.eabi_attribute 24, 1
   8              		.eabi_attribute 25, 1
   9              		.eabi_attribute 26, 1
  10              		.eabi_attribute 30, 1
  11              		.eabi_attribute 34, 1
  12              		.eabi_attribute 18, 4
  13              		.thumb
  14              		.syntax unified
  15              		.file	"main.c"
  16              		.text
  17              	.Ltext0:
  18              		.cfi_sections	.debug_frame
  19              		.section	.text.main,"ax",%progbits
  20              		.align	2
  21              		.global	main
  22              		.thumb
  23              		.thumb_func
  24              		.type	main, %function
  25              	main:
  26              	.LFB63:
  27              		.file 1 "main.c"
   1:main.c        **** /*******************************************************************************
   2:main.c        **** * File: main.c
   3:main.c        **** *
   4:main.c        **** * Version : 1.2
   5:main.c        **** *
   6:main.c        **** * Description: 
   7:main.c        **** *   This is a source code for example project of TIA.
   8:main.c        **** *
   9:main.c        **** ********************************************************************************
  10:main.c        **** * Copyright 2012, Cypress Semiconductor Corporation. All rights reserved.
  11:main.c        **** * This software is owned by Cypress Semiconductor Corporation and is protected
  12:main.c        **** * by and subject to worldwide patent and copyright laws and treaties.
  13:main.c        **** * Therefore, you may use this software only as provided in the license agreement
  14:main.c        **** * accompanying the software package from which you obtained this software.
  15:main.c        **** * CYPRESS AND ITS SUPPLIERS MAKE NO WARRANTY OF ANY KIND, EXPRESS OR IMPLIED,
  16:main.c        **** * WITH REGARD TO THIS SOFTWARE, INCLUDING, BUT NOT LIMITED TO, NONINFRINGEMENT,
  17:main.c        **** * IMPLIED WARRANTIES OF MERCHANTABILITY AND FITNESS FOR A PARTICULAR PURPOSE.
  18:main.c        **** *******************************************************************************/
  19:main.c        **** 
  20:main.c        **** #include <project.h>
  21:main.c        **** 
  22:main.c        **** /*******************************************************************************
  23:main.c        **** * Function Name: main
  24:main.c        **** ********************************************************************************
  25:main.c        **** * Summary:
  26:main.c        **** *  Main function performs following functions:
  27:main.c        **** *   1. Start TIA, IDAC and VDAC
  28:main.c        **** *   2. TIA Resistive feedback is set to 40k ohms
  29:main.c        **** *   3. TIA Capacitive feedback is set to 3.3 pF
  30:main.c        **** *
ARM GAS  C:\Users\user\AppData\Local\Temp\ccSlDTlg.s 			page 2


  31:main.c        **** * Parameters:
  32:main.c        **** *  None.
  33:main.c        **** *
  34:main.c        **** * Return:
  35:main.c        **** *  None.
  36:main.c        **** *
  37:main.c        **** *******************************************************************************/
  38:main.c        **** int main()
  39:main.c        **** {
  28              		.loc 1 39 0
  29              		.cfi_startproc
  30              		@ Volatile: function does not return.
  31              		@ args = 0, pretend = 0, frame = 0
  32              		@ frame_needed = 0, uses_anonymous_args = 0
  33 0000 08B5     		push	{r3, lr}
  34              		.cfi_def_cfa_offset 8
  35              		.cfi_offset 3, -8
  36              		.cfi_offset 14, -4
  40:main.c        ****  
  41:main.c        ****     /* Start the TIA component */
  42:main.c        ****     TIA_1_Start();
  37              		.loc 1 42 0
  38 0002 FFF7FEFF 		bl	TIA_1_Start
  39              	.LVL0:
  43:main.c        **** 
  44:main.c        ****     /* Start the IDAC component */
  45:main.c        ****     IDAC8_1_Start();
  40              		.loc 1 45 0
  41 0006 FFF7FEFF 		bl	IDAC8_1_Start
  42              	.LVL1:
  46:main.c        **** 
  47:main.c        ****     /* Start the VDAC component */
  48:main.c        ****     VDAC8_1_Start();
  43              		.loc 1 48 0
  44 000a FFF7FEFF 		bl	VDAC8_1_Start
  45              	.LVL2:
  49:main.c        **** 
  50:main.c        ****     /* Set the Resistive feedback to 40k ohms */
  51:main.c        ****     TIA_1_SetResFB(TIA_1_RES_FEEDBACK_40K);
  46              		.loc 1 51 0
  47 000e 0220     		movs	r0, #2
  48 0010 FFF7FEFF 		bl	TIA_1_SetResFB
  49              	.LVL3:
  52:main.c        **** 
  53:main.c        ****     /* Set the capacitive feedback to 3.3pF */
  54:main.c        ****     TIA_1_SetCapFB(TIA_1_CAP_FEEDBACK_3_3PF);
  50              		.loc 1 54 0
  51 0014 0220     		movs	r0, #2
  52 0016 FFF7FEFF 		bl	TIA_1_SetCapFB
  53              	.LVL4:
  54              	.L2:
  55 001a FEE7     		b	.L2
  56              		.cfi_endproc
  57              	.LFE63:
  58              		.size	main, .-main
  59              		.text
  60              	.Letext0:
ARM GAS  C:\Users\user\AppData\Local\Temp\ccSlDTlg.s 			page 3


  61              		.file 2 "c:\\program files (x86)\\cypress\\psoc creator\\4.4\\psoc creator\\import\\gnu\\arm\\5.4.
  62              		.file 3 "c:\\program files (x86)\\cypress\\psoc creator\\4.4\\psoc creator\\import\\gnu\\arm\\5.4.
  63              		.file 4 "Generated_Source\\PSoC5/TIA_1.h"
  64              		.file 5 "Generated_Source\\PSoC5/IDAC8_1.h"
  65              		.file 6 "Generated_Source\\PSoC5/VDAC8_1.h"
  66              		.file 7 "Generated_Source\\PSoC5/core_cm3.h"
  67              		.section	.debug_info,"",%progbits
  68              	.Ldebug_info0:
  69 0000 40010000 		.4byte	0x140
  70 0004 0400     		.2byte	0x4
  71 0006 00000000 		.4byte	.Ldebug_abbrev0
  72 000a 04       		.byte	0x4
  73 000b 01       		.uleb128 0x1
  74 000c 50000000 		.4byte	.LASF21
  75 0010 0C       		.byte	0xc
  76 0011 35000000 		.4byte	.LASF22
  77 0015 99010000 		.4byte	.LASF23
  78 0019 00000000 		.4byte	.Ldebug_ranges0+0
  79 001d 00000000 		.4byte	0
  80 0021 00000000 		.4byte	.Ldebug_line0
  81 0025 02       		.uleb128 0x2
  82 0026 01       		.byte	0x1
  83 0027 06       		.byte	0x6
  84 0028 58010000 		.4byte	.LASF0
  85 002c 02       		.uleb128 0x2
  86 002d 01       		.byte	0x1
  87 002e 08       		.byte	0x8
  88 002f 1A010000 		.4byte	.LASF1
  89 0033 02       		.uleb128 0x2
  90 0034 02       		.byte	0x2
  91 0035 05       		.byte	0x5
  92 0036 8F010000 		.4byte	.LASF2
  93 003a 02       		.uleb128 0x2
  94 003b 02       		.byte	0x2
  95 003c 07       		.byte	0x7
  96 003d 07010000 		.4byte	.LASF3
  97 0041 03       		.uleb128 0x3
  98 0042 7F010000 		.4byte	.LASF9
  99 0046 02       		.byte	0x2
 100 0047 3F       		.byte	0x3f
 101 0048 4C000000 		.4byte	0x4c
 102 004c 02       		.uleb128 0x2
 103 004d 04       		.byte	0x4
 104 004e 05       		.byte	0x5
 105 004f 2D010000 		.4byte	.LASF4
 106 0053 02       		.uleb128 0x2
 107 0054 04       		.byte	0x4
 108 0055 07       		.byte	0x7
 109 0056 DE000000 		.4byte	.LASF5
 110 005a 02       		.uleb128 0x2
 111 005b 08       		.byte	0x8
 112 005c 05       		.byte	0x5
 113 005d 00000000 		.4byte	.LASF6
 114 0061 02       		.uleb128 0x2
 115 0062 08       		.byte	0x8
 116 0063 07       		.byte	0x7
 117 0064 F0000000 		.4byte	.LASF7
ARM GAS  C:\Users\user\AppData\Local\Temp\ccSlDTlg.s 			page 4


 118 0068 04       		.uleb128 0x4
 119 0069 04       		.byte	0x4
 120 006a 05       		.byte	0x5
 121 006b 696E7400 		.ascii	"int\000"
 122 006f 02       		.uleb128 0x2
 123 0070 04       		.byte	0x4
 124 0071 07       		.byte	0x7
 125 0072 28000000 		.4byte	.LASF8
 126 0076 03       		.uleb128 0x3
 127 0077 02020000 		.4byte	.LASF10
 128 007b 03       		.byte	0x3
 129 007c 2C       		.byte	0x2c
 130 007d 41000000 		.4byte	0x41
 131 0081 02       		.uleb128 0x2
 132 0082 04       		.byte	0x4
 133 0083 04       		.byte	0x4
 134 0084 89010000 		.4byte	.LASF11
 135 0088 02       		.uleb128 0x2
 136 0089 08       		.byte	0x8
 137 008a 04       		.byte	0x4
 138 008b 36010000 		.4byte	.LASF12
 139 008f 02       		.uleb128 0x2
 140 0090 01       		.byte	0x1
 141 0091 08       		.byte	0x8
 142 0092 28010000 		.4byte	.LASF13
 143 0096 02       		.uleb128 0x2
 144 0097 08       		.byte	0x8
 145 0098 04       		.byte	0x4
 146 0099 64010000 		.4byte	.LASF14
 147 009d 02       		.uleb128 0x2
 148 009e 04       		.byte	0x4
 149 009f 07       		.byte	0x7
 150 00a0 0A020000 		.4byte	.LASF15
 151 00a4 05       		.uleb128 0x5
 152 00a5 4B000000 		.4byte	.LASF24
 153 00a9 01       		.byte	0x1
 154 00aa 26       		.byte	0x26
 155 00ab 68000000 		.4byte	0x68
 156 00af 00000000 		.4byte	.LFB63
 157 00b3 1C000000 		.4byte	.LFE63-.LFB63
 158 00b7 01       		.uleb128 0x1
 159 00b8 9C       		.byte	0x9c
 160 00b9 FB000000 		.4byte	0xfb
 161 00bd 06       		.uleb128 0x6
 162 00be 06000000 		.4byte	.LVL0
 163 00c2 0C010000 		.4byte	0x10c
 164 00c6 06       		.uleb128 0x6
 165 00c7 0A000000 		.4byte	.LVL1
 166 00cb 17010000 		.4byte	0x117
 167 00cf 06       		.uleb128 0x6
 168 00d0 0E000000 		.4byte	.LVL2
 169 00d4 22010000 		.4byte	0x122
 170 00d8 07       		.uleb128 0x7
 171 00d9 14000000 		.4byte	.LVL3
 172 00dd 2D010000 		.4byte	0x12d
 173 00e1 EB000000 		.4byte	0xeb
 174 00e5 08       		.uleb128 0x8
ARM GAS  C:\Users\user\AppData\Local\Temp\ccSlDTlg.s 			page 5


 175 00e6 01       		.uleb128 0x1
 176 00e7 50       		.byte	0x50
 177 00e8 01       		.uleb128 0x1
 178 00e9 32       		.byte	0x32
 179 00ea 00       		.byte	0
 180 00eb 09       		.uleb128 0x9
 181 00ec 1A000000 		.4byte	.LVL4
 182 00f0 38010000 		.4byte	0x138
 183 00f4 08       		.uleb128 0x8
 184 00f5 01       		.uleb128 0x1
 185 00f6 50       		.byte	0x50
 186 00f7 01       		.uleb128 0x1
 187 00f8 32       		.byte	0x32
 188 00f9 00       		.byte	0
 189 00fa 00       		.byte	0
 190 00fb 0A       		.uleb128 0xa
 191 00fc 4B010000 		.4byte	.LASF25
 192 0100 07       		.byte	0x7
 193 0101 1207     		.2byte	0x712
 194 0103 07010000 		.4byte	0x107
 195 0107 0B       		.uleb128 0xb
 196 0108 76000000 		.4byte	0x76
 197 010c 0C       		.uleb128 0xc
 198 010d 1C000000 		.4byte	.LASF16
 199 0111 1C000000 		.4byte	.LASF16
 200 0115 04       		.byte	0x4
 201 0116 3D       		.byte	0x3d
 202 0117 0C       		.uleb128 0xc
 203 0118 0E000000 		.4byte	.LASF17
 204 011c 0E000000 		.4byte	.LASF17
 205 0120 05       		.byte	0x5
 206 0121 3C       		.byte	0x3c
 207 0122 0C       		.uleb128 0xc
 208 0123 3D010000 		.4byte	.LASF18
 209 0127 3D010000 		.4byte	.LASF18
 210 012b 06       		.byte	0x6
 211 012c 33       		.byte	0x33
 212 012d 0C       		.uleb128 0xc
 213 012e 70010000 		.4byte	.LASF19
 214 0132 70010000 		.4byte	.LASF19
 215 0136 04       		.byte	0x4
 216 0137 40       		.byte	0x40
 217 0138 0C       		.uleb128 0xc
 218 0139 3C000000 		.4byte	.LASF20
 219 013d 3C000000 		.4byte	.LASF20
 220 0141 04       		.byte	0x4
 221 0142 41       		.byte	0x41
 222 0143 00       		.byte	0
 223              		.section	.debug_abbrev,"",%progbits
 224              	.Ldebug_abbrev0:
 225 0000 01       		.uleb128 0x1
 226 0001 11       		.uleb128 0x11
 227 0002 01       		.byte	0x1
 228 0003 25       		.uleb128 0x25
 229 0004 0E       		.uleb128 0xe
 230 0005 13       		.uleb128 0x13
 231 0006 0B       		.uleb128 0xb
ARM GAS  C:\Users\user\AppData\Local\Temp\ccSlDTlg.s 			page 6


 232 0007 03       		.uleb128 0x3
 233 0008 0E       		.uleb128 0xe
 234 0009 1B       		.uleb128 0x1b
 235 000a 0E       		.uleb128 0xe
 236 000b 55       		.uleb128 0x55
 237 000c 17       		.uleb128 0x17
 238 000d 11       		.uleb128 0x11
 239 000e 01       		.uleb128 0x1
 240 000f 10       		.uleb128 0x10
 241 0010 17       		.uleb128 0x17
 242 0011 00       		.byte	0
 243 0012 00       		.byte	0
 244 0013 02       		.uleb128 0x2
 245 0014 24       		.uleb128 0x24
 246 0015 00       		.byte	0
 247 0016 0B       		.uleb128 0xb
 248 0017 0B       		.uleb128 0xb
 249 0018 3E       		.uleb128 0x3e
 250 0019 0B       		.uleb128 0xb
 251 001a 03       		.uleb128 0x3
 252 001b 0E       		.uleb128 0xe
 253 001c 00       		.byte	0
 254 001d 00       		.byte	0
 255 001e 03       		.uleb128 0x3
 256 001f 16       		.uleb128 0x16
 257 0020 00       		.byte	0
 258 0021 03       		.uleb128 0x3
 259 0022 0E       		.uleb128 0xe
 260 0023 3A       		.uleb128 0x3a
 261 0024 0B       		.uleb128 0xb
 262 0025 3B       		.uleb128 0x3b
 263 0026 0B       		.uleb128 0xb
 264 0027 49       		.uleb128 0x49
 265 0028 13       		.uleb128 0x13
 266 0029 00       		.byte	0
 267 002a 00       		.byte	0
 268 002b 04       		.uleb128 0x4
 269 002c 24       		.uleb128 0x24
 270 002d 00       		.byte	0
 271 002e 0B       		.uleb128 0xb
 272 002f 0B       		.uleb128 0xb
 273 0030 3E       		.uleb128 0x3e
 274 0031 0B       		.uleb128 0xb
 275 0032 03       		.uleb128 0x3
 276 0033 08       		.uleb128 0x8
 277 0034 00       		.byte	0
 278 0035 00       		.byte	0
 279 0036 05       		.uleb128 0x5
 280 0037 2E       		.uleb128 0x2e
 281 0038 01       		.byte	0x1
 282 0039 3F       		.uleb128 0x3f
 283 003a 19       		.uleb128 0x19
 284 003b 03       		.uleb128 0x3
 285 003c 0E       		.uleb128 0xe
 286 003d 3A       		.uleb128 0x3a
 287 003e 0B       		.uleb128 0xb
 288 003f 3B       		.uleb128 0x3b
ARM GAS  C:\Users\user\AppData\Local\Temp\ccSlDTlg.s 			page 7


 289 0040 0B       		.uleb128 0xb
 290 0041 49       		.uleb128 0x49
 291 0042 13       		.uleb128 0x13
 292 0043 8701     		.uleb128 0x87
 293 0045 19       		.uleb128 0x19
 294 0046 11       		.uleb128 0x11
 295 0047 01       		.uleb128 0x1
 296 0048 12       		.uleb128 0x12
 297 0049 06       		.uleb128 0x6
 298 004a 40       		.uleb128 0x40
 299 004b 18       		.uleb128 0x18
 300 004c 9742     		.uleb128 0x2117
 301 004e 19       		.uleb128 0x19
 302 004f 01       		.uleb128 0x1
 303 0050 13       		.uleb128 0x13
 304 0051 00       		.byte	0
 305 0052 00       		.byte	0
 306 0053 06       		.uleb128 0x6
 307 0054 898201   		.uleb128 0x4109
 308 0057 00       		.byte	0
 309 0058 11       		.uleb128 0x11
 310 0059 01       		.uleb128 0x1
 311 005a 31       		.uleb128 0x31
 312 005b 13       		.uleb128 0x13
 313 005c 00       		.byte	0
 314 005d 00       		.byte	0
 315 005e 07       		.uleb128 0x7
 316 005f 898201   		.uleb128 0x4109
 317 0062 01       		.byte	0x1
 318 0063 11       		.uleb128 0x11
 319 0064 01       		.uleb128 0x1
 320 0065 31       		.uleb128 0x31
 321 0066 13       		.uleb128 0x13
 322 0067 01       		.uleb128 0x1
 323 0068 13       		.uleb128 0x13
 324 0069 00       		.byte	0
 325 006a 00       		.byte	0
 326 006b 08       		.uleb128 0x8
 327 006c 8A8201   		.uleb128 0x410a
 328 006f 00       		.byte	0
 329 0070 02       		.uleb128 0x2
 330 0071 18       		.uleb128 0x18
 331 0072 9142     		.uleb128 0x2111
 332 0074 18       		.uleb128 0x18
 333 0075 00       		.byte	0
 334 0076 00       		.byte	0
 335 0077 09       		.uleb128 0x9
 336 0078 898201   		.uleb128 0x4109
 337 007b 01       		.byte	0x1
 338 007c 11       		.uleb128 0x11
 339 007d 01       		.uleb128 0x1
 340 007e 31       		.uleb128 0x31
 341 007f 13       		.uleb128 0x13
 342 0080 00       		.byte	0
 343 0081 00       		.byte	0
 344 0082 0A       		.uleb128 0xa
 345 0083 34       		.uleb128 0x34
ARM GAS  C:\Users\user\AppData\Local\Temp\ccSlDTlg.s 			page 8


 346 0084 00       		.byte	0
 347 0085 03       		.uleb128 0x3
 348 0086 0E       		.uleb128 0xe
 349 0087 3A       		.uleb128 0x3a
 350 0088 0B       		.uleb128 0xb
 351 0089 3B       		.uleb128 0x3b
 352 008a 05       		.uleb128 0x5
 353 008b 49       		.uleb128 0x49
 354 008c 13       		.uleb128 0x13
 355 008d 3F       		.uleb128 0x3f
 356 008e 19       		.uleb128 0x19
 357 008f 3C       		.uleb128 0x3c
 358 0090 19       		.uleb128 0x19
 359 0091 00       		.byte	0
 360 0092 00       		.byte	0
 361 0093 0B       		.uleb128 0xb
 362 0094 35       		.uleb128 0x35
 363 0095 00       		.byte	0
 364 0096 49       		.uleb128 0x49
 365 0097 13       		.uleb128 0x13
 366 0098 00       		.byte	0
 367 0099 00       		.byte	0
 368 009a 0C       		.uleb128 0xc
 369 009b 2E       		.uleb128 0x2e
 370 009c 00       		.byte	0
 371 009d 3F       		.uleb128 0x3f
 372 009e 19       		.uleb128 0x19
 373 009f 3C       		.uleb128 0x3c
 374 00a0 19       		.uleb128 0x19
 375 00a1 6E       		.uleb128 0x6e
 376 00a2 0E       		.uleb128 0xe
 377 00a3 03       		.uleb128 0x3
 378 00a4 0E       		.uleb128 0xe
 379 00a5 3A       		.uleb128 0x3a
 380 00a6 0B       		.uleb128 0xb
 381 00a7 3B       		.uleb128 0x3b
 382 00a8 0B       		.uleb128 0xb
 383 00a9 00       		.byte	0
 384 00aa 00       		.byte	0
 385 00ab 00       		.byte	0
 386              		.section	.debug_aranges,"",%progbits
 387 0000 1C000000 		.4byte	0x1c
 388 0004 0200     		.2byte	0x2
 389 0006 00000000 		.4byte	.Ldebug_info0
 390 000a 04       		.byte	0x4
 391 000b 00       		.byte	0
 392 000c 0000     		.2byte	0
 393 000e 0000     		.2byte	0
 394 0010 00000000 		.4byte	.LFB63
 395 0014 1C000000 		.4byte	.LFE63-.LFB63
 396 0018 00000000 		.4byte	0
 397 001c 00000000 		.4byte	0
 398              		.section	.debug_ranges,"",%progbits
 399              	.Ldebug_ranges0:
 400 0000 00000000 		.4byte	.LFB63
 401 0004 1C000000 		.4byte	.LFE63
 402 0008 00000000 		.4byte	0
ARM GAS  C:\Users\user\AppData\Local\Temp\ccSlDTlg.s 			page 9


 403 000c 00000000 		.4byte	0
 404              		.section	.debug_line,"",%progbits
 405              	.Ldebug_line0:
 406 0000 7E010000 		.section	.debug_str,"MS",%progbits,1
 406      02006401 
 406      00000201 
 406      FB0E0D00 
 406      01010101 
 407              	.LASF6:
 408 0000 6C6F6E67 		.ascii	"long long int\000"
 408      206C6F6E 
 408      6720696E 
 408      7400
 409              	.LASF17:
 410 000e 49444143 		.ascii	"IDAC8_1_Start\000"
 410      385F315F 
 410      53746172 
 410      7400
 411              	.LASF16:
 412 001c 5449415F 		.ascii	"TIA_1_Start\000"
 412      315F5374 
 412      61727400 
 413              	.LASF8:
 414 0028 756E7369 		.ascii	"unsigned int\000"
 414      676E6564 
 414      20696E74 
 414      00
 415              	.LASF22:
 416 0035 6D61696E 		.ascii	"main.c\000"
 416      2E6300
 417              	.LASF20:
 418 003c 5449415F 		.ascii	"TIA_1_SetCapFB\000"
 418      315F5365 
 418      74436170 
 418      464200
 419              	.LASF24:
 420 004b 6D61696E 		.ascii	"main\000"
 420      00
 421              	.LASF21:
 422 0050 474E5520 		.ascii	"GNU C11 5.4.1 20160609 (release) [ARM/embedded-5-br"
 422      43313120 
 422      352E342E 
 422      31203230 
 422      31363036 
 423 0083 616E6368 		.ascii	"anch revision 237715] -mcpu=cortex-m3 -mthumb -g -O"
 423      20726576 
 423      6973696F 
 423      6E203233 
 423      37373135 
 424 00b6 67202D66 		.ascii	"g -ffunction-sections -ffat-lto-objects\000"
 424      66756E63 
 424      74696F6E 
 424      2D736563 
 424      74696F6E 
 425              	.LASF5:
 426 00de 6C6F6E67 		.ascii	"long unsigned int\000"
 426      20756E73 
ARM GAS  C:\Users\user\AppData\Local\Temp\ccSlDTlg.s 			page 10


 426      69676E65 
 426      6420696E 
 426      7400
 427              	.LASF7:
 428 00f0 6C6F6E67 		.ascii	"long long unsigned int\000"
 428      206C6F6E 
 428      6720756E 
 428      7369676E 
 428      65642069 
 429              	.LASF3:
 430 0107 73686F72 		.ascii	"short unsigned int\000"
 430      7420756E 
 430      7369676E 
 430      65642069 
 430      6E7400
 431              	.LASF1:
 432 011a 756E7369 		.ascii	"unsigned char\000"
 432      676E6564 
 432      20636861 
 432      7200
 433              	.LASF13:
 434 0128 63686172 		.ascii	"char\000"
 434      00
 435              	.LASF4:
 436 012d 6C6F6E67 		.ascii	"long int\000"
 436      20696E74 
 436      00
 437              	.LASF12:
 438 0136 646F7562 		.ascii	"double\000"
 438      6C6500
 439              	.LASF18:
 440 013d 56444143 		.ascii	"VDAC8_1_Start\000"
 440      385F315F 
 440      53746172 
 440      7400
 441              	.LASF25:
 442 014b 49544D5F 		.ascii	"ITM_RxBuffer\000"
 442      52784275 
 442      66666572 
 442      00
 443              	.LASF0:
 444 0158 7369676E 		.ascii	"signed char\000"
 444      65642063 
 444      68617200 
 445              	.LASF14:
 446 0164 6C6F6E67 		.ascii	"long double\000"
 446      20646F75 
 446      626C6500 
 447              	.LASF19:
 448 0170 5449415F 		.ascii	"TIA_1_SetResFB\000"
 448      315F5365 
 448      74526573 
 448      464200
 449              	.LASF9:
 450 017f 5F5F696E 		.ascii	"__int32_t\000"
 450      7433325F 
 450      7400
ARM GAS  C:\Users\user\AppData\Local\Temp\ccSlDTlg.s 			page 11


 451              	.LASF11:
 452 0189 666C6F61 		.ascii	"float\000"
 452      7400
 453              	.LASF2:
 454 018f 73686F72 		.ascii	"short int\000"
 454      7420696E 
 454      7400
 455              	.LASF23:
 456 0199 453A5C7A 		.ascii	"E:\\zephyr_workspace\\Genotyper-Firmware\\PSOC\\OM_"
 456      65706879 
 456      725F776F 
 456      726B7370 
 456      6163655C 
 457 01c8 43797072 		.ascii	"Cypress_Workspace\\samples\\Trans_Impedance_Amplifi"
 457      6573735F 
 457      576F726B 
 457      73706163 
 457      655C7361 
 458 01f9 65722E63 		.ascii	"er.cydsn\000"
 458      7964736E 
 458      00
 459              	.LASF10:
 460 0202 696E7433 		.ascii	"int32_t\000"
 460      325F7400 
 461              	.LASF15:
 462 020a 73697A65 		.ascii	"sizetype\000"
 462      74797065 
 462      00
 463              		.ident	"GCC: (GNU Tools for ARM Embedded Processors) 5.4.1 20160609 (release) [ARM/embedded-5-bran
